<?xml version="1.0" encoding="UTF-8"?>
<!-- Generated by org.testng.reporters.JUnitReportReporter -->
<testsuite hostname="DESKTOP-ITILOB1" failures="0" tests="4" name="APIs.ChaseRequests_For_RG_20013" time="18.226" errors="0" timestamp="2025-01-02T19:07:40 IST" skipped="0">
  <testcase classname="APIs.ChaseRequests_For_RG_20013" name="ChaseRequest_With_Single_Matching_RG_01" time="7.761"/>
  <testcase classname="APIs.ChaseRequests_For_RG_20013" name="ChaseRequest_With_Single_Matching_RG_01" time="2.208"/>
  <testcase classname="APIs.ChaseRequests_For_RG_20013" name="ChaseRequest_With_Single_Matching_RG_01" time="5.802"/>
  <testcase classname="APIs.ChaseRequests_For_RG_20013" name="ChaseRequest_With_Single_Matching_RG_01" time="2.455"/>
</testsuite> <!-- APIs.ChaseRequests_For_RG_20013 -->
