<?xml version="1.0" encoding="UTF-8"?>
<!-- Generated by org.testng.reporters.JUnitReportReporter -->
<testsuite hostname="DESKTOP-ITILOB1" failures="1" tests="120" name="APIs.ChaseRequests_With_SingleProject" time="289.394" errors="0" timestamp="2024-12-16T20:44:42 IST" skipped="0">
  <testcase classname="APIs.ChaseRequests_With_SingleProject" name="ChaseRequest_With_Single_Matching_RG_01" time="2.136"/>
  <testcase classname="APIs.ChaseRequests_With_SingleProject" name="ChaseRequest_With_Single_Matching_RG_01" time="1.871"/>
  <testcase classname="APIs.ChaseRequests_With_SingleProject" name="ChaseRequest_With_Single_Matching_RG_01" time="2.105"/>
  <testcase classname="APIs.ChaseRequests_With_SingleProject" name="ChaseRequest_With_Single_Matching_RG_01" time="2.125"/>
  <testcase classname="APIs.ChaseRequests_With_SingleProject" name="ChaseRequest_With_Single_Matching_RG_01" time="2.121"/>
  <testcase classname="APIs.ChaseRequests_With_SingleProject" name="ChaseRequest_With_Single_Matching_RG_01" time="2.121"/>
  <testcase classname="APIs.ChaseRequests_With_SingleProject" name="ChaseRequest_With_Single_Matching_RG_01" time="2.107"/>
  <testcase classname="APIs.ChaseRequests_With_SingleProject" name="ChaseRequest_With_Single_Matching_RG_01" time="1.886"/>
  <testcase classname="APIs.ChaseRequests_With_SingleProject" name="ChaseRequest_With_Single_Matching_RG_01" time="1.849"/>
  <testcase classname="APIs.ChaseRequests_With_SingleProject" name="ChaseRequest_With_Single_Matching_RG_01" time="1.828"/>
  <testcase classname="APIs.ChaseRequests_With_SingleProject" name="ChaseRequest_With_Single_Matching_RG_01" time="1.828"/>
  <testcase classname="APIs.ChaseRequests_With_SingleProject" name="ChaseRequest_With_Single_Matching_RG_01" time="2.279"/>
  <testcase classname="APIs.ChaseRequests_With_SingleProject" name="ChaseRequest_With_Single_Matching_RG_01" time="2.160"/>
  <testcase classname="APIs.ChaseRequests_With_SingleProject" name="ChaseRequest_With_Single_Matching_RG_01" time="2.019"/>
  <testcase classname="APIs.ChaseRequests_With_SingleProject" name="ChaseRequest_With_Single_Matching_RG_01" time="1.857"/>
  <testcase classname="APIs.ChaseRequests_With_SingleProject" name="ChaseRequest_With_Single_Matching_RG_01" time="1.865"/>
  <testcase classname="APIs.ChaseRequests_With_SingleProject" name="ChaseRequest_With_Single_Matching_RG_01" time="2.218"/>
  <testcase classname="APIs.ChaseRequests_With_SingleProject" name="ChaseRequest_With_Single_Matching_RG_01" time="2.304"/>
  <testcase classname="APIs.ChaseRequests_With_SingleProject" name="ChaseRequest_With_Single_Matching_RG_01" time="2.141"/>
  <testcase classname="APIs.ChaseRequests_With_SingleProject" name="ChaseRequest_With_Single_Matching_RG_01" time="2.087"/>
  <testcase classname="APIs.ChaseRequests_With_SingleProject" name="ChaseRequest_With_Single_Matching_RG_01" time="1.843"/>
  <testcase classname="APIs.ChaseRequests_With_SingleProject" name="ChaseRequest_With_Single_Matching_RG_01" time="2.121"/>
  <testcase classname="APIs.ChaseRequests_With_SingleProject" name="ChaseRequest_With_Single_Matching_RG_01" time="2.077"/>
  <testcase classname="APIs.ChaseRequests_With_SingleProject" name="ChaseRequest_With_Single_Matching_RG_01" time="2.368"/>
  <testcase classname="APIs.ChaseRequests_With_SingleProject" name="ChaseRequest_With_Single_Matching_RG_01" time="2.106"/>
  <testcase classname="APIs.ChaseRequests_With_SingleProject" name="ChaseRequest_With_Single_Matching_RG_01" time="1.864"/>
  <testcase classname="APIs.ChaseRequests_With_SingleProject" name="ChaseRequest_With_Single_Matching_RG_01" time="2.106"/>
  <testcase classname="APIs.ChaseRequests_With_SingleProject" name="ChaseRequest_With_Single_Matching_RG_01" time="2.374"/>
  <testcase classname="APIs.ChaseRequests_With_SingleProject" name="ChaseRequest_With_Single_Matching_RG_01" time="2.148"/>
  <testcase classname="APIs.ChaseRequests_With_SingleProject" name="ChaseRequest_With_Single_Matching_RG_01" time="2.161"/>
  <testcase classname="APIs.ChaseRequests_With_SingleProject" name="ChaseRequest_With_Single_Matching_RG_01" time="2.019"/>
  <testcase classname="APIs.ChaseRequests_With_SingleProject" name="ChaseRequest_With_Single_Matching_RG_01" time="2.373"/>
  <testcase classname="APIs.ChaseRequests_With_SingleProject" name="ChaseRequest_With_Single_Matching_RG_01" time="2.098"/>
  <testcase classname="APIs.ChaseRequests_With_SingleProject" name="ChaseRequest_With_Single_Matching_RG_01" time="1.910"/>
  <testcase classname="APIs.ChaseRequests_With_SingleProject" name="ChaseRequest_With_Single_Matching_RG_01" time="2.143"/>
  <testcase classname="APIs.ChaseRequests_With_SingleProject" name="ChaseRequest_With_Single_Matching_RG_01" time="1.842"/>
  <testcase classname="APIs.ChaseRequests_With_SingleProject" name="ChaseRequest_With_Single_Matching_RG_01" time="2.119"/>
  <testcase classname="APIs.ChaseRequests_With_SingleProject" name="ChaseRequest_With_Single_Matching_RG_01" time="2.121"/>
  <testcase classname="APIs.ChaseRequests_With_SingleProject" name="ChaseRequest_With_Single_Matching_RG_01" time="2.059"/>
  <testcase classname="APIs.ChaseRequests_With_SingleProject" name="ChaseRequest_With_Single_Matching_RG_01" time="2.122"/>
  <testcase classname="APIs.ChaseRequests_With_SingleProject" name="ChaseRequest_With_Single_Matching_RG_01" time="2.095"/>
  <testcase classname="APIs.ChaseRequests_With_SingleProject" name="ChaseRequest_With_Single_Matching_RG_01" time="1.872"/>
  <testcase classname="APIs.ChaseRequests_With_SingleProject" name="ChaseRequest_With_Single_Matching_RG_01" time="2.616"/>
  <testcase classname="APIs.ChaseRequests_With_SingleProject" name="ChaseRequest_With_Single_Matching_RG_01" time="2.101"/>
  <testcase classname="APIs.ChaseRequests_With_SingleProject" name="ChaseRequest_With_Single_Matching_RG_01" time="2.896"/>
  <testcase classname="APIs.ChaseRequests_With_SingleProject" name="ChaseRequest_With_Single_Matching_RG_01" time="2.101"/>
  <testcase classname="APIs.ChaseRequests_With_SingleProject" name="ChaseRequest_With_Single_Matching_RG_01" time="2.073"/>
  <testcase classname="APIs.ChaseRequests_With_SingleProject" name="ChaseRequest_With_Single_Matching_RG_01" time="2.115"/>
  <testcase classname="APIs.ChaseRequests_With_SingleProject" name="ChaseRequest_With_Single_Matching_RG_01" time="3.223"/>
  <testcase classname="APIs.ChaseRequests_With_SingleProject" name="ChaseRequest_With_Single_Matching_RG_01" time="2.113"/>
  <testcase classname="APIs.ChaseRequests_With_SingleProject" name="ChaseRequest_With_Single_Matching_RG_01" time="2.123"/>
  <testcase classname="APIs.ChaseRequests_With_SingleProject" name="ChaseRequest_With_Single_Matching_RG_01" time="1.816"/>
  <testcase classname="APIs.ChaseRequests_With_SingleProject" name="ChaseRequest_With_Single_Matching_RG_01" time="2.206"/>
  <testcase classname="APIs.ChaseRequests_With_SingleProject" name="ChaseRequest_With_Single_Matching_RG_01" time="11.556"/>
  <testcase classname="APIs.ChaseRequests_With_SingleProject" name="ChaseRequest_With_Single_Matching_RG_01" time="2.459"/>
  <testcase classname="APIs.ChaseRequests_With_SingleProject" name="ChaseRequest_With_Single_Matching_RG_01" time="2.128"/>
  <testcase classname="APIs.ChaseRequests_With_SingleProject" name="ChaseRequest_With_Single_Matching_RG_01" time="2.190"/>
  <testcase classname="APIs.ChaseRequests_With_SingleProject" name="ChaseRequest_With_Single_Matching_RG_01" time="2.106"/>
  <testcase classname="APIs.ChaseRequests_With_SingleProject" name="ChaseRequest_With_Single_Matching_RG_01" time="2.119"/>
  <testcase classname="APIs.ChaseRequests_With_SingleProject" name="ChaseRequest_With_Single_Matching_RG_01" time="3.632"/>
  <testcase classname="APIs.ChaseRequests_With_SingleProject" name="ChaseRequest_With_Single_Matching_RG_01" time="2.159"/>
  <testcase classname="APIs.ChaseRequests_With_SingleProject" name="ChaseRequest_With_Single_Matching_RG_01" time="2.099"/>
  <testcase classname="APIs.ChaseRequests_With_SingleProject" name="ChaseRequest_With_Single_Matching_RG_01" time="2.104"/>
  <testcase classname="APIs.ChaseRequests_With_SingleProject" name="ChaseRequest_With_Single_Matching_RG_01" time="1.833"/>
  <testcase classname="APIs.ChaseRequests_With_SingleProject" name="ChaseRequest_With_Single_Matching_RG_01" time="2.135"/>
  <testcase classname="APIs.ChaseRequests_With_SingleProject" name="ChaseRequest_With_Single_Matching_RG_01" time="2.130"/>
  <testcase classname="APIs.ChaseRequests_With_SingleProject" name="ChaseRequest_With_Single_Matching_RG_01" time="1.890"/>
  <testcase classname="APIs.ChaseRequests_With_SingleProject" name="ChaseRequest_With_Single_Matching_RG_01" time="5.240"/>
  <testcase classname="APIs.ChaseRequests_With_SingleProject" name="ChaseRequest_With_Single_Matching_RG_01" time="2.120"/>
  <testcase classname="APIs.ChaseRequests_With_SingleProject" name="ChaseRequest_With_Single_Matching_RG_01" time="1.833"/>
  <testcase classname="APIs.ChaseRequests_With_SingleProject" name="ChaseRequest_With_Single_Matching_RG_01" time="4.932"/>
  <testcase classname="APIs.ChaseRequests_With_SingleProject" name="ChaseRequest_With_Single_Matching_RG_01" time="11.875">
    <failure message="1 expectation failed.
Expected status code &lt;202&gt; but was &lt;500&gt;.
" type="java.lang.AssertionError">
      <![CDATA[java.lang.AssertionError: 1 expectation failed.
Expected status code <202> but was <500>.

at java.base/jdk.internal.reflect.NativeConstructorAccessorImpl.newInstance0(Native Method)
at java.base/jdk.internal.reflect.NativeConstructorAccessorImpl.newInstance(NativeConstructorAccessorImpl.java:78)
at java.base/jdk.internal.reflect.DelegatingConstructorAccessorImpl.newInstance(DelegatingConstructorAccessorImpl.java:45)
at java.base/java.lang.reflect.Constructor.newInstanceWithCaller(Constructor.java:499)
at java.base/java.lang.reflect.Constructor.newInstance(Constructor.java:480)
at org.codehaus.groovy.reflection.CachedConstructor.invoke(CachedConstructor.java:73)
at org.codehaus.groovy.runtime.callsite.ConstructorSite$ConstructorSiteNoUnwrapNoCoerce.callConstructor(ConstructorSite.java:108)
at org.codehaus.groovy.runtime.callsite.CallSiteArray.defaultCallConstructor(CallSiteArray.java:57)
at org.codehaus.groovy.runtime.callsite.AbstractCallSite.callConstructor(AbstractCallSite.java:263)
at org.codehaus.groovy.runtime.callsite.AbstractCallSite.callConstructor(AbstractCallSite.java:277)
at io.restassured.internal.ResponseSpecificationImpl$HamcrestAssertionClosure.validate(ResponseSpecificationImpl.groovy:512)
at io.restassured.internal.ResponseSpecificationImpl$HamcrestAssertionClosure$validate$1.call(Unknown Source)
at io.restassured.internal.ResponseSpecificationImpl.validateResponseIfRequired(ResponseSpecificationImpl.groovy:696)
at io.restassured.internal.ResponseSpecificationImpl.this$2$validateResponseIfRequired(ResponseSpecificationImpl.groovy)
at java.base/jdk.internal.reflect.NativeMethodAccessorImpl.invoke0(Native Method)
at java.base/jdk.internal.reflect.NativeMethodAccessorImpl.invoke(NativeMethodAccessorImpl.java:78)
at java.base/jdk.internal.reflect.DelegatingMethodAccessorImpl.invoke(DelegatingMethodAccessorImpl.java:43)
at java.base/java.lang.reflect.Method.invoke(Method.java:567)
at org.codehaus.groovy.runtime.callsite.PlainObjectMetaMethodSite.doInvoke(PlainObjectMetaMethodSite.java:43)
at org.codehaus.groovy.runtime.callsite.PogoMetaMethodSite$PogoCachedMethodSiteNoUnwrapNoCoerce.invoke(PogoMetaMethodSite.java:198)
at org.codehaus.groovy.runtime.callsite.PogoMetaMethodSite.callCurrent(PogoMetaMethodSite.java:62)
at org.codehaus.groovy.runtime.callsite.AbstractCallSite.callCurrent(AbstractCallSite.java:185)
at io.restassured.internal.ResponseSpecificationImpl.statusCode(ResponseSpecificationImpl.groovy:135)
at io.restassured.specification.ResponseSpecification$statusCode$0.callCurrent(Unknown Source)
at io.restassured.internal.ResponseSpecificationImpl.statusCode(ResponseSpecificationImpl.groovy:143)
at io.restassured.internal.ValidatableResponseOptionsImpl.statusCode(ValidatableResponseOptionsImpl.java:89)
at APIs.ChaseRequests_With_SingleProject.ChaseRequest_With_Single_Matching_RG_01(ChaseRequests_With_SingleProject.java:45)
at java.base/jdk.internal.reflect.NativeMethodAccessorImpl.invoke0(Native Method)
at java.base/jdk.internal.reflect.NativeMethodAccessorImpl.invoke(NativeMethodAccessorImpl.java:78)
at java.base/jdk.internal.reflect.DelegatingMethodAccessorImpl.invoke(DelegatingMethodAccessorImpl.java:43)
at java.base/java.lang.reflect.Method.invoke(Method.java:567)
at org.testng.internal.invokers.MethodInvocationHelper.invokeMethod(MethodInvocationHelper.java:141)
at org.testng.internal.invokers.TestInvoker.invokeMethod(TestInvoker.java:686)
at org.testng.internal.invokers.TestInvoker.invokeTestMethod(TestInvoker.java:230)
at org.testng.internal.invokers.MethodRunner.runInSequence(MethodRunner.java:63)
at org.testng.internal.invokers.TestInvoker$MethodInvocationAgent.invoke(TestInvoker.java:992)
at org.testng.internal.invokers.TestInvoker.invokeTestMethods(TestInvoker.java:203)
at org.testng.internal.invokers.TestMethodWorker.invokeTestMethods(TestMethodWorker.java:154)
at org.testng.internal.invokers.TestMethodWorker.run(TestMethodWorker.java:134)
at java.base/java.util.ArrayList.forEach(ArrayList.java:1511)
at org.testng.TestRunner.privateRun(TestRunner.java:739)
at org.testng.TestRunner.run(TestRunner.java:614)
at org.testng.SuiteRunner.runTest(SuiteRunner.java:421)
at org.testng.SuiteRunner.runSequentially(SuiteRunner.java:413)
at org.testng.SuiteRunner.privateRun(SuiteRunner.java:373)
at org.testng.SuiteRunner.run(SuiteRunner.java:312)
at org.testng.SuiteRunnerWorker.runSuite(SuiteRunnerWorker.java:52)
at org.testng.SuiteRunnerWorker.run(SuiteRunnerWorker.java:95)
at org.testng.TestNG.runSuitesSequentially(TestNG.java:1274)
at org.testng.TestNG.runSuitesLocally(TestNG.java:1208)
at org.testng.TestNG.runSuites(TestNG.java:1112)
at org.testng.TestNG.run(TestNG.java:1079)
at org.testng.remote.AbstractRemoteTestNG.run(AbstractRemoteTestNG.java:115)
at org.testng.remote.RemoteTestNG.initAndRun(RemoteTestNG.java:293)
at org.testng.remote.RemoteTestNG.main(RemoteTestNG.java:91)
]]>
    </failure>
  </testcase> <!-- ChaseRequest_With_Single_Matching_RG_01 -->
  <testcase classname="APIs.ChaseRequests_With_SingleProject" name="ChaseRequest_With_Single_Matching_RG_01" time="2.175"/>
  <testcase classname="APIs.ChaseRequests_With_SingleProject" name="ChaseRequest_With_Single_Matching_RG_01" time="3.137"/>
  <testcase classname="APIs.ChaseRequests_With_SingleProject" name="ChaseRequest_With_Single_Matching_RG_01" time="10.328"/>
  <testcase classname="APIs.ChaseRequests_With_SingleProject" name="ChaseRequest_With_Single_Matching_RG_01" time="2.177"/>
  <testcase classname="APIs.ChaseRequests_With_SingleProject" name="ChaseRequest_With_Single_Matching_RG_01" time="1.850"/>
  <testcase classname="APIs.ChaseRequests_With_SingleProject" name="ChaseRequest_With_Single_Matching_RG_01" time="1.882"/>
  <testcase classname="APIs.ChaseRequests_With_SingleProject" name="ChaseRequest_With_Single_Matching_RG_01" time="2.105"/>
  <testcase classname="APIs.ChaseRequests_With_SingleProject" name="ChaseRequest_With_Single_Matching_RG_01" time="1.845"/>
  <testcase classname="APIs.ChaseRequests_With_SingleProject" name="ChaseRequest_With_Single_Matching_RG_01" time="2.143"/>
  <testcase classname="APIs.ChaseRequests_With_SingleProject" name="ChaseRequest_With_Single_Matching_RG_01" time="2.137"/>
  <testcase classname="APIs.ChaseRequests_With_SingleProject" name="ChaseRequest_With_Single_Matching_RG_01" time="2.123"/>
  <testcase classname="APIs.ChaseRequests_With_SingleProject" name="ChaseRequest_With_Single_Matching_RG_01" time="2.132"/>
  <testcase classname="APIs.ChaseRequests_With_SingleProject" name="ChaseRequest_With_Single_Matching_RG_01" time="2.064"/>
  <testcase classname="APIs.ChaseRequests_With_SingleProject" name="ChaseRequest_With_Single_Matching_RG_01" time="1.859"/>
  <testcase classname="APIs.ChaseRequests_With_SingleProject" name="ChaseRequest_With_Single_Matching_RG_01" time="2.288"/>
  <testcase classname="APIs.ChaseRequests_With_SingleProject" name="ChaseRequest_With_Single_Matching_RG_01" time="1.852"/>
  <testcase classname="APIs.ChaseRequests_With_SingleProject" name="ChaseRequest_With_Single_Matching_RG_01" time="2.122"/>
  <testcase classname="APIs.ChaseRequests_With_SingleProject" name="ChaseRequest_With_Single_Matching_RG_01" time="2.483"/>
  <testcase classname="APIs.ChaseRequests_With_SingleProject" name="ChaseRequest_With_Single_Matching_RG_01" time="2.096"/>
  <testcase classname="APIs.ChaseRequests_With_SingleProject" name="ChaseRequest_With_Single_Matching_RG_01" time="2.121"/>
  <testcase classname="APIs.ChaseRequests_With_SingleProject" name="ChaseRequest_With_Single_Matching_RG_01" time="2.117"/>
  <testcase classname="APIs.ChaseRequests_With_SingleProject" name="ChaseRequest_With_Single_Matching_RG_01" time="2.170"/>
  <testcase classname="APIs.ChaseRequests_With_SingleProject" name="ChaseRequest_With_Single_Matching_RG_01" time="1.823"/>
  <testcase classname="APIs.ChaseRequests_With_SingleProject" name="ChaseRequest_With_Single_Matching_RG_01" time="2.116"/>
  <testcase classname="APIs.ChaseRequests_With_SingleProject" name="ChaseRequest_With_Single_Matching_RG_01" time="2.030"/>
  <testcase classname="APIs.ChaseRequests_With_SingleProject" name="ChaseRequest_With_Single_Matching_RG_01" time="2.104"/>
  <testcase classname="APIs.ChaseRequests_With_SingleProject" name="ChaseRequest_With_Single_Matching_RG_01" time="2.159"/>
  <testcase classname="APIs.ChaseRequests_With_SingleProject" name="ChaseRequest_With_Single_Matching_RG_01" time="2.118"/>
  <testcase classname="APIs.ChaseRequests_With_SingleProject" name="ChaseRequest_With_Single_Matching_RG_01" time="2.113"/>
  <testcase classname="APIs.ChaseRequests_With_SingleProject" name="ChaseRequest_With_Single_Matching_RG_01" time="3.172"/>
  <testcase classname="APIs.ChaseRequests_With_SingleProject" name="ChaseRequest_With_Single_Matching_RG_01" time="2.168"/>
  <testcase classname="APIs.ChaseRequests_With_SingleProject" name="ChaseRequest_With_Single_Matching_RG_01" time="2.236"/>
  <testcase classname="APIs.ChaseRequests_With_SingleProject" name="ChaseRequest_With_Single_Matching_RG_01" time="2.111"/>
  <testcase classname="APIs.ChaseRequests_With_SingleProject" name="ChaseRequest_With_Single_Matching_RG_01" time="2.113"/>
  <testcase classname="APIs.ChaseRequests_With_SingleProject" name="ChaseRequest_With_Single_Matching_RG_01" time="1.837"/>
  <testcase classname="APIs.ChaseRequests_With_SingleProject" name="ChaseRequest_With_Single_Matching_RG_01" time="2.362"/>
  <testcase classname="APIs.ChaseRequests_With_SingleProject" name="ChaseRequest_With_Single_Matching_RG_01" time="2.241"/>
  <testcase classname="APIs.ChaseRequests_With_SingleProject" name="ChaseRequest_With_Single_Matching_RG_01" time="1.857"/>
  <testcase classname="APIs.ChaseRequests_With_SingleProject" name="ChaseRequest_With_Single_Matching_RG_01" time="2.161"/>
  <testcase classname="APIs.ChaseRequests_With_SingleProject" name="ChaseRequest_With_Single_Matching_RG_01" time="1.832"/>
  <testcase classname="APIs.ChaseRequests_With_SingleProject" name="ChaseRequest_With_Single_Matching_RG_01" time="2.298"/>
  <testcase classname="APIs.ChaseRequests_With_SingleProject" name="ChaseRequest_With_Single_Matching_RG_01" time="1.909"/>
  <testcase classname="APIs.ChaseRequests_With_SingleProject" name="ChaseRequest_With_Single_Matching_RG_01" time="2.080"/>
  <testcase classname="APIs.ChaseRequests_With_SingleProject" name="ChaseRequest_With_Single_Matching_RG_01" time="2.128"/>
  <testcase classname="APIs.ChaseRequests_With_SingleProject" name="ChaseRequest_With_Single_Matching_RG_01" time="2.125"/>
  <testcase classname="APIs.ChaseRequests_With_SingleProject" name="ChaseRequest_With_Single_Matching_RG_01" time="2.097"/>
  <testcase classname="APIs.ChaseRequests_With_SingleProject" name="ChaseRequest_With_Single_Matching_RG_01" time="2.092"/>
  <testcase classname="APIs.ChaseRequests_With_SingleProject" name="ChaseRequest_With_Single_Matching_RG_01" time="2.135"/>
</testsuite> <!-- APIs.ChaseRequests_With_SingleProject -->
