<?xml version="1.0" encoding="UTF-8"?>
<!-- Generated by org.testng.reporters.JUnitReportReporter -->
<testsuite hostname="DESKTOP-ITILOB1" failures="0" tests="4" name="APIs.ChaseRequests_With_SingleProject" time="19.145" errors="0" timestamp="2024-12-12T12:51:21 IST" skipped="0">
  <testcase classname="APIs.ChaseRequests_With_SingleProject" name="ChaseRequest_With_Single_Matching_RG_01" time="3.354"/>
  <testcase classname="APIs.ChaseRequests_With_SingleProject" name="ChaseRequest_With_Single_Matching_RG_01" time="3.281"/>
  <testcase classname="APIs.ChaseRequests_With_SingleProject" name="ChaseRequest_With_Single_Matching_RG_01" time="9.179"/>
  <testcase classname="APIs.ChaseRequests_With_SingleProject" name="ChaseRequest_With_Single_Matching_RG_01" time="3.331"/>
</testsuite> <!-- APIs.ChaseRequests_With_SingleProject -->
