<?xml version="1.0" encoding="UTF-8"?>
<!-- Generated by org.testng.reporters.JUnitReportReporter -->
<testsuite hostname="ZRZA" failures="0" tests="1" name="utils_API.Automated_TestData_Creator_TEST" time="129.423" errors="0" timestamp="2025-02-24T19:34:41 IST" skipped="0">
  <testcase classname="utils_API.Automated_TestData_Creator_TEST" name="processDataAndGenerateOutput" time="129.423"/>
</testsuite> <!-- utils_API.Automated_TestData_Creator_TEST -->
