<?xml version="1.0" encoding="UTF-8"?>
<!-- Generated by org.testng.reporters.JUnitReportReporter -->
<testsuite hostname="DESKTOP-ITILOB1" failures="0" tests="2" name="utils_API.Automated_TestData_Creator" time="20.834" errors="0" timestamp="2025-02-10T18:02:40 IST" skipped="0">
  <testcase classname="utils_API.Automated_TestData_Creator" name="processDataAndGenerateOutput" time="14.208"/>
  <testcase classname="utils_API.Automated_TestData_Creator" name="processDataAndGenerateOutput" time="6.626"/>
</testsuite> <!-- utils_API.Automated_TestData_Creator -->
