<?xml version="1.0" encoding="UTF-8"?>
<!-- Generated by org.testng.reporters.JUnitReportReporter -->
<testsuite hostname="ZRZA" failures="0" tests="2" name="APIs.ChaseRequests_For_RG_22001" time="11.970" errors="0" timestamp="2025-01-29T07:00:56 IST" skipped="0">
  <testcase classname="APIs.ChaseRequests_For_RG_22001" name="ChaseRequest_With_Single_Matching_RG_01" time="8.822"/>
  <testcase classname="APIs.ChaseRequests_For_RG_22001" name="ChaseRequest_With_Single_Matching_RG_01" time="3.148"/>
</testsuite> <!-- APIs.ChaseRequests_For_RG_22001 -->
