<?xml version="1.0" encoding="UTF-8"?>
<!-- Generated by org.testng.reporters.JUnitReportReporter -->
<testsuite hostname="DESKTOP-ITILOB1" failures="0" tests="4" name="APIs.Create_PreLaunch_Requests" time="3.887" errors="0" timestamp="2024-11-25T20:49:26 IST" skipped="1">
  <testcase classname="APIs.Create_PreLaunch_Requests" name="ChaseRequest_With_Single_Matching_RG_01" time="1.038"/>
  <testcase classname="APIs.Create_PreLaunch_Requests" name="ChaseRequest_With_Single_Matching_RG_01" time="1.051"/>
  <testcase classname="APIs.Create_PreLaunch_Requests" name="ChaseRequest_With_Single_Matching_RG_01" time="1.798"/>
  <testcase classname="APIs.Create_PreLaunch_Requests" name="bulkCreate">
    <skipped/>
  </testcase> <!-- bulkCreate -->
</testsuite> <!-- APIs.Create_PreLaunch_Requests -->
