<?xml version="1.0" encoding="UTF-8"?>
<!-- Generated by org.testng.reporters.JUnitReportReporter -->
<testsuite hostname="DESKTOP-ITILOB1" failures="0" tests="10" name="APIs.ChaseRequests_With_Multiple_Projects" time="21.510" errors="0" timestamp="2024-12-18T15:34:20 IST" skipped="0">
  <testcase classname="APIs.ChaseRequests_With_Multiple_Projects" name="ChaseRequest_With_Single_Matching_RG_01" time="2.040"/>
  <testcase classname="APIs.ChaseRequests_With_Multiple_Projects" name="ChaseRequest_With_Single_Matching_RG_01" time="1.737"/>
  <testcase classname="APIs.ChaseRequests_With_Multiple_Projects" name="ChaseRequest_With_Single_Matching_RG_01" time="1.948"/>
  <testcase classname="APIs.ChaseRequests_With_Multiple_Projects" name="ChaseRequest_With_Single_Matching_RG_01" time="1.739"/>
  <testcase classname="APIs.ChaseRequests_With_Multiple_Projects" name="ChaseRequest_With_Single_Matching_RG_01" time="2.075"/>
  <testcase classname="APIs.ChaseRequests_With_Multiple_Projects" name="ChaseRequest_With_Single_Matching_RG_01" time="1.813"/>
  <testcase classname="APIs.ChaseRequests_With_Multiple_Projects" name="ChaseRequest_With_Single_Matching_RG_01" time="1.815"/>
  <testcase classname="APIs.ChaseRequests_With_Multiple_Projects" name="ChaseRequest_With_Single_Matching_RG_01" time="1.730"/>
  <testcase classname="APIs.ChaseRequests_With_Multiple_Projects" name="ChaseRequest_With_Single_Matching_RG_01" time="4.813"/>
  <testcase classname="APIs.ChaseRequests_With_Multiple_Projects" name="ChaseRequest_With_Single_Matching_RG_01" time="1.800"/>
</testsuite> <!-- APIs.ChaseRequests_With_Multiple_Projects -->
