<?xml version="1.0" encoding="UTF-8"?>
<!-- Generated by org.testng.reporters.JUnitReportReporter -->
<testsuite hostname="DESKTOP-ITILOB1" failures="0" tests="17" name="APIs.Add_Misc_Documnets_To_ChaseRequests" time="33.992" errors="0" timestamp="2024-12-20T18:46:24 IST" skipped="0">
  <testcase classname="APIs.Add_Misc_Documnets_To_ChaseRequests" name="ChaseRequest_With_Single_Matching_RG_01" time="1.786"/>
  <testcase classname="APIs.Add_Misc_Documnets_To_ChaseRequests" name="ChaseRequest_With_Single_Matching_RG_01" time="1.826"/>
  <testcase classname="APIs.Add_Misc_Documnets_To_ChaseRequests" name="ChaseRequest_With_Single_Matching_RG_01" time="1.809"/>
  <testcase classname="APIs.Add_Misc_Documnets_To_ChaseRequests" name="ChaseRequest_With_Single_Matching_RG_01" time="1.858"/>
  <testcase classname="APIs.Add_Misc_Documnets_To_ChaseRequests" name="ChaseRequest_With_Single_Matching_RG_01" time="1.791"/>
  <testcase classname="APIs.Add_Misc_Documnets_To_ChaseRequests" name="ChaseRequest_With_Single_Matching_RG_01" time="1.849"/>
  <testcase classname="APIs.Add_Misc_Documnets_To_ChaseRequests" name="ChaseRequest_With_Single_Matching_RG_01" time="1.828"/>
  <testcase classname="APIs.Add_Misc_Documnets_To_ChaseRequests" name="ChaseRequest_With_Single_Matching_RG_01" time="1.872"/>
  <testcase classname="APIs.Add_Misc_Documnets_To_ChaseRequests" name="ChaseRequest_With_Single_Matching_RG_01" time="1.888"/>
  <testcase classname="APIs.Add_Misc_Documnets_To_ChaseRequests" name="ChaseRequest_With_Single_Matching_RG_01" time="1.804"/>
  <testcase classname="APIs.Add_Misc_Documnets_To_ChaseRequests" name="ChaseRequest_With_Single_Matching_RG_01" time="2.314"/>
  <testcase classname="APIs.Add_Misc_Documnets_To_ChaseRequests" name="ChaseRequest_With_Single_Matching_RG_01" time="1.809"/>
  <testcase classname="APIs.Add_Misc_Documnets_To_ChaseRequests" name="ChaseRequest_With_Single_Matching_RG_01" time="2.827"/>
  <testcase classname="APIs.Add_Misc_Documnets_To_ChaseRequests" name="ChaseRequest_With_Single_Matching_RG_01" time="2.080"/>
  <testcase classname="APIs.Add_Misc_Documnets_To_ChaseRequests" name="ChaseRequest_With_Single_Matching_RG_01" time="2.673"/>
  <testcase classname="APIs.Add_Misc_Documnets_To_ChaseRequests" name="ChaseRequest_With_Single_Matching_RG_01" time="1.874"/>
  <testcase classname="APIs.Add_Misc_Documnets_To_ChaseRequests" name="ChaseRequest_With_Single_Matching_RG_01" time="2.104"/>
</testsuite> <!-- APIs.Add_Misc_Documnets_To_ChaseRequests -->
