<?xml version="1.0" encoding="UTF-8"?>
<!-- Generated by org.testng.reporters.JUnitReportReporter -->
<testsuite hostname="DESKTOP-ITILOB1" failures="0" tests="10" name="APIs.MultipleProjects_ChaseRequests_For_RG_22001" time="18.663" errors="0" timestamp="2025-01-07T17:45:02 IST" skipped="0">
  <testcase classname="APIs.MultipleProjects_ChaseRequests_For_RG_22001" name="ChaseRequest_With_Single_Matching_RG_01" time="1.665"/>
  <testcase classname="APIs.MultipleProjects_ChaseRequests_For_RG_22001" name="ChaseRequest_With_Single_Matching_RG_01" time="1.724"/>
  <testcase classname="APIs.MultipleProjects_ChaseRequests_For_RG_22001" name="ChaseRequest_With_Single_Matching_RG_01" time="1.668"/>
  <testcase classname="APIs.MultipleProjects_ChaseRequests_For_RG_22001" name="ChaseRequest_With_Single_Matching_RG_01" time="1.749"/>
  <testcase classname="APIs.MultipleProjects_ChaseRequests_For_RG_22001" name="ChaseRequest_With_Single_Matching_RG_01" time="3.145"/>
  <testcase classname="APIs.MultipleProjects_ChaseRequests_For_RG_22001" name="ChaseRequest_With_Single_Matching_RG_01" time="1.691"/>
  <testcase classname="APIs.MultipleProjects_ChaseRequests_For_RG_22001" name="ChaseRequest_With_Single_Matching_RG_01" time="1.779"/>
  <testcase classname="APIs.MultipleProjects_ChaseRequests_For_RG_22001" name="ChaseRequest_With_Single_Matching_RG_01" time="1.783"/>
  <testcase classname="APIs.MultipleProjects_ChaseRequests_For_RG_22001" name="ChaseRequest_With_Single_Matching_RG_01" time="1.730"/>
  <testcase classname="APIs.MultipleProjects_ChaseRequests_For_RG_22001" name="ChaseRequest_With_Single_Matching_RG_01" time="1.729"/>
</testsuite> <!-- APIs.MultipleProjects_ChaseRequests_For_RG_22001 -->
