<?xml version="1.0" encoding="UTF-8"?>
<!-- Generated by org.testng.reporters.JUnitReportReporter -->
<testsuite hostname="DESKTOP-ITILOB1" failures="0" tests="2" name="utils_API.Automated_TestData_Creator" time="40.419" errors="0" timestamp="2025-02-25T19:10:22 IST" skipped="0">
  <testcase classname="utils_API.Automated_TestData_Creator" name="processDataAndGenerateOutput" time="8.657"/>
  <testcase classname="utils_API.Automated_TestData_Creator" name="processDataAndGenerateOutput" time="31.762"/>
</testsuite> <!-- utils_API.Automated_TestData_Creator -->
