<?xml version="1.0" encoding="UTF-8"?>
<!-- Generated by org.testng.reporters.JUnitReportReporter -->
<testsuite hostname="DESKTOP-ITILOB1" failures="0" tests="2" name="APIs.ChaseRequests_For_RG_20013" time="7.138" errors="0" timestamp="2025-02-11T15:04:57 IST" skipped="0">
  <testcase classname="APIs.ChaseRequests_For_RG_20013" name="ChaseRequest_With_Single_Matching_RG_01" time="4.974"/>
  <testcase classname="APIs.ChaseRequests_For_RG_20013" name="ChaseRequest_With_Single_Matching_RG_01" time="2.164"/>
</testsuite> <!-- APIs.ChaseRequests_For_RG_20013 -->
