<?xml version="1.0" encoding="UTF-8"?>
<!-- Generated by org.testng.reporters.JUnitReportReporter -->
<testsuite hostname="DESKTOP-ITILOB1" failures="0" tests="2" name="APIs.Create_PreLaunch_Requests" time="4.325" errors="0" timestamp="2024-11-20T18:43:41 IST" skipped="0">
  <testcase classname="APIs.Create_PreLaunch_Requests" name="ChaseRequest_With_Single_Matching_RG_01" time="1.233"/>
  <testcase classname="APIs.Create_PreLaunch_Requests" name="ChaseRequest_With_Single_Matching_RG_01" time="3.092"/>
</testsuite> <!-- APIs.Create_PreLaunch_Requests -->
