<?xml version="1.0" encoding="UTF-8"?>
<!-- Generated by org.testng.reporters.JUnitReportReporter -->
<testsuite hostname="DESKTOP-ITILOB1" failures="0" tests="5" name="APIs.ChaseRequests_For_RG_20013" time="11.502" errors="0" timestamp="2025-01-07T17:42:11 IST" skipped="0">
  <testcase classname="APIs.ChaseRequests_For_RG_20013" name="ChaseRequest_With_Single_Matching_RG_01" time="3.083"/>
  <testcase classname="APIs.ChaseRequests_For_RG_20013" name="ChaseRequest_With_Single_Matching_RG_01" time="2.175"/>
  <testcase classname="APIs.ChaseRequests_For_RG_20013" name="ChaseRequest_With_Single_Matching_RG_01" time="2.296"/>
  <testcase classname="APIs.ChaseRequests_For_RG_20013" name="ChaseRequest_With_Single_Matching_RG_01" time="2.080"/>
  <testcase classname="APIs.ChaseRequests_For_RG_20013" name="ChaseRequest_With_Single_Matching_RG_01" time="1.868"/>
</testsuite> <!-- APIs.ChaseRequests_For_RG_20013 -->
