<?xml version="1.0" encoding="UTF-8"?>
<!-- Generated by org.testng.reporters.JUnitReportReporter -->
<testsuite hostname="DESKTOP-ITILOB1" failures="4" tests="480" name="APIs.Create_PreLaunch_Requests" time="782.474" errors="1" timestamp="2024-11-24T22:24:28 IST" skipped="0">
  <testcase classname="APIs.Create_PreLaunch_Requests" name="bulkCreate" time="1.442"/>
  <testcase classname="APIs.Create_PreLaunch_Requests" name="bulkCreate" time="1.244"/>
  <testcase classname="APIs.Create_PreLaunch_Requests" name="bulkCreate" time="1.561"/>
  <testcase classname="APIs.Create_PreLaunch_Requests" name="bulkCreate" time="0.999"/>
  <testcase classname="APIs.Create_PreLaunch_Requests" name="bulkCreate" time="1.467"/>
  <testcase classname="APIs.Create_PreLaunch_Requests" name="bulkCreate" time="1.481"/>
  <testcase classname="APIs.Create_PreLaunch_Requests" name="bulkCreate" time="1.409"/>
  <testcase classname="APIs.Create_PreLaunch_Requests" name="bulkCreate" time="1.454"/>
  <testcase classname="APIs.Create_PreLaunch_Requests" name="bulkCreate" time="1.197"/>
  <testcase classname="APIs.Create_PreLaunch_Requests" name="bulkCreate" time="1.409"/>
  <testcase classname="APIs.Create_PreLaunch_Requests" name="bulkCreate" time="1.459"/>
  <testcase classname="APIs.Create_PreLaunch_Requests" name="bulkCreate" time="1.547"/>
  <testcase classname="APIs.Create_PreLaunch_Requests" name="bulkCreate" time="5.409"/>
  <testcase classname="APIs.Create_PreLaunch_Requests" name="bulkCreate" time="1.488"/>
  <testcase classname="APIs.Create_PreLaunch_Requests" name="bulkCreate" time="1.637"/>
  <testcase classname="APIs.Create_PreLaunch_Requests" name="bulkCreate" time="1.487"/>
  <testcase classname="APIs.Create_PreLaunch_Requests" name="bulkCreate" time="1.578"/>
  <testcase classname="APIs.Create_PreLaunch_Requests" name="bulkCreate" time="1.563"/>
  <testcase classname="APIs.Create_PreLaunch_Requests" name="bulkCreate" time="1.399"/>
  <testcase classname="APIs.Create_PreLaunch_Requests" name="bulkCreate" time="1.447"/>
  <testcase classname="APIs.Create_PreLaunch_Requests" name="bulkCreate" time="1.494"/>
  <testcase classname="APIs.Create_PreLaunch_Requests" name="bulkCreate" time="1.450"/>
  <testcase classname="APIs.Create_PreLaunch_Requests" name="bulkCreate" time="1.158"/>
  <testcase classname="APIs.Create_PreLaunch_Requests" name="bulkCreate" time="1.402"/>
  <testcase classname="APIs.Create_PreLaunch_Requests" name="bulkCreate" time="1.438"/>
  <testcase classname="APIs.Create_PreLaunch_Requests" name="bulkCreate" time="1.435"/>
  <testcase classname="APIs.Create_PreLaunch_Requests" name="bulkCreate" time="1.329"/>
  <testcase classname="APIs.Create_PreLaunch_Requests" name="bulkCreate" time="1.393"/>
  <testcase classname="APIs.Create_PreLaunch_Requests" name="bulkCreate" time="1.469"/>
  <testcase classname="APIs.Create_PreLaunch_Requests" name="bulkCreate" time="1.484"/>
  <testcase classname="APIs.Create_PreLaunch_Requests" name="bulkCreate" time="1.304"/>
  <testcase classname="APIs.Create_PreLaunch_Requests" name="bulkCreate" time="1.424"/>
  <testcase classname="APIs.Create_PreLaunch_Requests" name="bulkCreate" time="1.209"/>
  <testcase classname="APIs.Create_PreLaunch_Requests" name="bulkCreate" time="1.431"/>
  <testcase classname="APIs.Create_PreLaunch_Requests" name="bulkCreate" time="1.197"/>
  <testcase classname="APIs.Create_PreLaunch_Requests" name="bulkCreate" time="1.486"/>
  <testcase classname="APIs.Create_PreLaunch_Requests" name="bulkCreate" time="1.781"/>
  <testcase classname="APIs.Create_PreLaunch_Requests" name="bulkCreate" time="1.958"/>
  <testcase classname="APIs.Create_PreLaunch_Requests" name="bulkCreate" time="1.277"/>
  <testcase classname="APIs.Create_PreLaunch_Requests" name="bulkCreate" time="1.506"/>
  <testcase classname="APIs.Create_PreLaunch_Requests" name="bulkCreate" time="1.170"/>
  <testcase classname="APIs.Create_PreLaunch_Requests" name="bulkCreate" time="1.364"/>
  <testcase classname="APIs.Create_PreLaunch_Requests" name="bulkCreate" time="1.115"/>
  <testcase classname="APIs.Create_PreLaunch_Requests" name="bulkCreate" time="1.175"/>
  <testcase classname="APIs.Create_PreLaunch_Requests" name="bulkCreate" time="1.407"/>
  <testcase classname="APIs.Create_PreLaunch_Requests" name="bulkCreate" time="1.468"/>
  <testcase classname="APIs.Create_PreLaunch_Requests" name="bulkCreate" time="1.471"/>
  <testcase classname="APIs.Create_PreLaunch_Requests" name="bulkCreate" time="1.225"/>
  <testcase classname="APIs.Create_PreLaunch_Requests" name="bulkCreate" time="1.420"/>
  <testcase classname="APIs.Create_PreLaunch_Requests" name="bulkCreate" time="1.429"/>
  <testcase classname="APIs.Create_PreLaunch_Requests" name="bulkCreate" time="1.119"/>
  <testcase classname="APIs.Create_PreLaunch_Requests" name="bulkCreate" time="1.056"/>
  <testcase classname="APIs.Create_PreLaunch_Requests" name="bulkCreate" time="1.482"/>
  <testcase classname="APIs.Create_PreLaunch_Requests" name="bulkCreate" time="1.165"/>
  <testcase classname="APIs.Create_PreLaunch_Requests" name="bulkCreate" time="1.415"/>
  <testcase classname="APIs.Create_PreLaunch_Requests" name="bulkCreate" time="1.410"/>
  <testcase classname="APIs.Create_PreLaunch_Requests" name="bulkCreate" time="1.411"/>
  <testcase classname="APIs.Create_PreLaunch_Requests" name="bulkCreate" time="1.163"/>
  <testcase classname="APIs.Create_PreLaunch_Requests" name="bulkCreate" time="1.392"/>
  <testcase classname="APIs.Create_PreLaunch_Requests" name="bulkCreate" time="1.462"/>
  <testcase classname="APIs.Create_PreLaunch_Requests" name="bulkCreate" time="1.206"/>
  <testcase classname="APIs.Create_PreLaunch_Requests" name="bulkCreate" time="1.469"/>
  <testcase classname="APIs.Create_PreLaunch_Requests" name="bulkCreate" time="1.458"/>
  <testcase classname="APIs.Create_PreLaunch_Requests" name="bulkCreate" time="1.296"/>
  <testcase classname="APIs.Create_PreLaunch_Requests" name="bulkCreate" time="1.446"/>
  <testcase classname="APIs.Create_PreLaunch_Requests" name="bulkCreate" time="1.400"/>
  <testcase classname="APIs.Create_PreLaunch_Requests" name="bulkCreate" time="1.184"/>
  <testcase classname="APIs.Create_PreLaunch_Requests" name="bulkCreate" time="1.552"/>
  <testcase classname="APIs.Create_PreLaunch_Requests" name="bulkCreate" time="1.448"/>
  <testcase classname="APIs.Create_PreLaunch_Requests" name="bulkCreate" time="1.302"/>
  <testcase classname="APIs.Create_PreLaunch_Requests" name="bulkCreate" time="1.471"/>
  <testcase classname="APIs.Create_PreLaunch_Requests" name="bulkCreate" time="1.227"/>
  <testcase classname="APIs.Create_PreLaunch_Requests" name="bulkCreate" time="1.452"/>
  <testcase classname="APIs.Create_PreLaunch_Requests" name="bulkCreate" time="1.420"/>
  <testcase classname="APIs.Create_PreLaunch_Requests" name="bulkCreate" time="1.422"/>
  <testcase classname="APIs.Create_PreLaunch_Requests" name="bulkCreate" time="1.160"/>
  <testcase classname="APIs.Create_PreLaunch_Requests" name="bulkCreate" time="1.401"/>
  <testcase classname="APIs.Create_PreLaunch_Requests" name="bulkCreate" time="1.458"/>
  <testcase classname="APIs.Create_PreLaunch_Requests" name="bulkCreate" time="1.316"/>
  <testcase classname="APIs.Create_PreLaunch_Requests" name="bulkCreate" time="1.227"/>
  <testcase classname="APIs.Create_PreLaunch_Requests" name="bulkCreate" time="1.469"/>
  <testcase classname="APIs.Create_PreLaunch_Requests" name="bulkCreate" time="1.200"/>
  <testcase classname="APIs.Create_PreLaunch_Requests" name="bulkCreate" time="1.459"/>
  <testcase classname="APIs.Create_PreLaunch_Requests" name="bulkCreate" time="1.213"/>
  <testcase classname="APIs.Create_PreLaunch_Requests" name="bulkCreate" time="1.423"/>
  <testcase classname="APIs.Create_PreLaunch_Requests" name="bulkCreate" time="1.367"/>
  <testcase classname="APIs.Create_PreLaunch_Requests" name="bulkCreate" time="1.303"/>
  <testcase classname="APIs.Create_PreLaunch_Requests" name="bulkCreate" time="1.491"/>
  <testcase classname="APIs.Create_PreLaunch_Requests" name="bulkCreate" time="1.485"/>
  <testcase classname="APIs.Create_PreLaunch_Requests" name="bulkCreate" time="1.127"/>
  <testcase classname="APIs.Create_PreLaunch_Requests" name="bulkCreate" time="1.429"/>
  <testcase classname="APIs.Create_PreLaunch_Requests" name="bulkCreate" time="1.449"/>
  <testcase classname="APIs.Create_PreLaunch_Requests" name="bulkCreate" time="1.401"/>
  <testcase classname="APIs.Create_PreLaunch_Requests" name="bulkCreate" time="1.438"/>
  <testcase classname="APIs.Create_PreLaunch_Requests" name="bulkCreate" time="1.158"/>
  <testcase classname="APIs.Create_PreLaunch_Requests" name="bulkCreate" time="1.420"/>
  <testcase classname="APIs.Create_PreLaunch_Requests" name="bulkCreate" time="1.464"/>
  <testcase classname="APIs.Create_PreLaunch_Requests" name="bulkCreate" time="1.207"/>
  <testcase classname="APIs.Create_PreLaunch_Requests" name="bulkCreate" time="1.446"/>
  <testcase classname="APIs.Create_PreLaunch_Requests" name="bulkCreate" time="1.400"/>
  <testcase classname="APIs.Create_PreLaunch_Requests" name="bulkCreate" time="1.179"/>
  <testcase classname="APIs.Create_PreLaunch_Requests" name="bulkCreate" time="4.447"/>
  <testcase classname="APIs.Create_PreLaunch_Requests" name="bulkCreate" time="8.316"/>
  <testcase classname="APIs.Create_PreLaunch_Requests" name="bulkCreate" time="1.158"/>
  <testcase classname="APIs.Create_PreLaunch_Requests" name="bulkCreate" time="1.446"/>
  <testcase classname="APIs.Create_PreLaunch_Requests" name="bulkCreate" time="1.420"/>
  <testcase classname="APIs.Create_PreLaunch_Requests" name="bulkCreate" time="1.425"/>
  <testcase classname="APIs.Create_PreLaunch_Requests" name="bulkCreate" time="1.765"/>
  <testcase classname="APIs.Create_PreLaunch_Requests" name="bulkCreate" time="1.453"/>
  <testcase classname="APIs.Create_PreLaunch_Requests" name="bulkCreate" time="6.429"/>
  <testcase classname="APIs.Create_PreLaunch_Requests" name="bulkCreate" time="1.446"/>
  <testcase classname="APIs.Create_PreLaunch_Requests" name="bulkCreate" time="1.425"/>
  <testcase classname="APIs.Create_PreLaunch_Requests" name="bulkCreate" time="1.513"/>
  <testcase classname="APIs.Create_PreLaunch_Requests" name="bulkCreate" time="1.453"/>
  <testcase classname="APIs.Create_PreLaunch_Requests" name="bulkCreate" time="1.460"/>
  <testcase classname="APIs.Create_PreLaunch_Requests" name="bulkCreate" time="5.589"/>
  <testcase classname="APIs.Create_PreLaunch_Requests" name="bulkCreate" time="1.515"/>
  <testcase classname="APIs.Create_PreLaunch_Requests" name="bulkCreate" time="1.202"/>
  <testcase classname="APIs.Create_PreLaunch_Requests" name="bulkCreate" time="1.410"/>
  <testcase classname="APIs.Create_PreLaunch_Requests" name="bulkCreate" time="1.460"/>
  <testcase classname="APIs.Create_PreLaunch_Requests" name="bulkCreate" time="1.392"/>
  <testcase classname="APIs.Create_PreLaunch_Requests" name="bulkCreate" time="1.115"/>
  <testcase classname="APIs.Create_PreLaunch_Requests" name="bulkCreate" time="1.163"/>
  <testcase classname="APIs.Create_PreLaunch_Requests" name="bulkCreate" time="1.144"/>
  <testcase classname="APIs.Create_PreLaunch_Requests" name="bulkCreate" time="1.704"/>
  <testcase classname="APIs.Create_PreLaunch_Requests" name="bulkCreate" time="1.140"/>
  <testcase classname="APIs.Create_PreLaunch_Requests" name="bulkCreate" time="1.417"/>
  <testcase classname="APIs.Create_PreLaunch_Requests" name="bulkCreate" time="1.081"/>
  <testcase classname="APIs.Create_PreLaunch_Requests" name="bulkCreate" time="1.185"/>
  <testcase classname="APIs.Create_PreLaunch_Requests" name="bulkCreate" time="1.305"/>
  <testcase classname="APIs.Create_PreLaunch_Requests" name="bulkCreate" time="1.568"/>
  <testcase classname="APIs.Create_PreLaunch_Requests" name="bulkCreate" time="0.931"/>
  <testcase classname="APIs.Create_PreLaunch_Requests" name="bulkCreate" time="1.189"/>
  <testcase classname="APIs.Create_PreLaunch_Requests" name="bulkCreate" time="1.717"/>
  <testcase classname="APIs.Create_PreLaunch_Requests" name="bulkCreate" time="1.300"/>
  <testcase classname="APIs.Create_PreLaunch_Requests" name="bulkCreate" time="1.165"/>
  <testcase classname="APIs.Create_PreLaunch_Requests" name="bulkCreate" time="1.452"/>
  <testcase classname="APIs.Create_PreLaunch_Requests" name="bulkCreate" time="1.422"/>
  <testcase classname="APIs.Create_PreLaunch_Requests" name="bulkCreate" time="1.432"/>
  <testcase classname="APIs.Create_PreLaunch_Requests" name="bulkCreate" time="1.129"/>
  <testcase classname="APIs.Create_PreLaunch_Requests" name="bulkCreate" time="1.293"/>
  <testcase classname="APIs.Create_PreLaunch_Requests" name="bulkCreate" time="1.191"/>
  <testcase classname="APIs.Create_PreLaunch_Requests" name="bulkCreate" time="1.470"/>
  <testcase classname="APIs.Create_PreLaunch_Requests" name="bulkCreate" time="1.063"/>
  <testcase classname="APIs.Create_PreLaunch_Requests" name="bulkCreate" time="1.613"/>
  <testcase classname="APIs.Create_PreLaunch_Requests" name="bulkCreate" time="1.998"/>
  <testcase classname="APIs.Create_PreLaunch_Requests" name="bulkCreate" time="1.141"/>
  <testcase classname="APIs.Create_PreLaunch_Requests" name="bulkCreate" time="11.154">
    <failure message="1 expectation failed.
Expected status code &lt;202&gt; but was &lt;500&gt;.
" type="java.lang.AssertionError">
      <![CDATA[java.lang.AssertionError: 1 expectation failed.
Expected status code <202> but was <500>.

at java.base/jdk.internal.reflect.NativeConstructorAccessorImpl.newInstance0(Native Method)
at java.base/jdk.internal.reflect.NativeConstructorAccessorImpl.newInstance(NativeConstructorAccessorImpl.java:78)
at java.base/jdk.internal.reflect.DelegatingConstructorAccessorImpl.newInstance(DelegatingConstructorAccessorImpl.java:45)
at java.base/java.lang.reflect.Constructor.newInstanceWithCaller(Constructor.java:499)
at java.base/java.lang.reflect.Constructor.newInstance(Constructor.java:480)
at org.codehaus.groovy.reflection.CachedConstructor.invoke(CachedConstructor.java:73)
at org.codehaus.groovy.runtime.callsite.ConstructorSite$ConstructorSiteNoUnwrapNoCoerce.callConstructor(ConstructorSite.java:108)
at org.codehaus.groovy.runtime.callsite.AbstractCallSite.callConstructor(AbstractCallSite.java:277)
at io.restassured.internal.ResponseSpecificationImpl$HamcrestAssertionClosure.validate(ResponseSpecificationImpl.groovy:512)
at io.restassured.internal.ResponseSpecificationImpl$HamcrestAssertionClosure$validate$1.call(Unknown Source)
at io.restassured.internal.ResponseSpecificationImpl.validateResponseIfRequired(ResponseSpecificationImpl.groovy:696)
at io.restassured.internal.ResponseSpecificationImpl.this$2$validateResponseIfRequired(ResponseSpecificationImpl.groovy)
at jdk.internal.reflect.GeneratedMethodAccessor116.invoke(Unknown Source)
at java.base/jdk.internal.reflect.DelegatingMethodAccessorImpl.invoke(DelegatingMethodAccessorImpl.java:43)
at java.base/java.lang.reflect.Method.invoke(Method.java:567)
at org.codehaus.groovy.runtime.callsite.PlainObjectMetaMethodSite.doInvoke(PlainObjectMetaMethodSite.java:43)
at org.codehaus.groovy.runtime.callsite.PogoMetaMethodSite$PogoCachedMethodSiteNoUnwrapNoCoerce.invoke(PogoMetaMethodSite.java:198)
at org.codehaus.groovy.runtime.callsite.PogoMetaMethodSite.callCurrent(PogoMetaMethodSite.java:62)
at org.codehaus.groovy.runtime.callsite.AbstractCallSite.callCurrent(AbstractCallSite.java:185)
at io.restassured.internal.ResponseSpecificationImpl.statusCode(ResponseSpecificationImpl.groovy:135)
at io.restassured.specification.ResponseSpecification$statusCode$0.callCurrent(Unknown Source)
at io.restassured.internal.ResponseSpecificationImpl.statusCode(ResponseSpecificationImpl.groovy:143)
at io.restassured.internal.ValidatableResponseOptionsImpl.statusCode(ValidatableResponseOptionsImpl.java:89)
at APIs.Create_PreLaunch_Requests.bulkCreate(Create_PreLaunch_Requests.java:65)
at jdk.internal.reflect.GeneratedMethodAccessor122.invoke(Unknown Source)
at java.base/jdk.internal.reflect.DelegatingMethodAccessorImpl.invoke(DelegatingMethodAccessorImpl.java:43)
at java.base/java.lang.reflect.Method.invoke(Method.java:567)
at org.testng.internal.invokers.MethodInvocationHelper.invokeMethod(MethodInvocationHelper.java:141)
at org.testng.internal.invokers.TestInvoker.invokeMethod(TestInvoker.java:686)
at org.testng.internal.invokers.TestInvoker.invokeTestMethod(TestInvoker.java:230)
at org.testng.internal.invokers.MethodRunner.runInSequence(MethodRunner.java:63)
at org.testng.internal.invokers.TestInvoker$MethodInvocationAgent.invoke(TestInvoker.java:992)
at org.testng.internal.invokers.TestInvoker.invokeTestMethods(TestInvoker.java:203)
at org.testng.internal.invokers.TestMethodWorker.invokeTestMethods(TestMethodWorker.java:154)
at org.testng.internal.invokers.TestMethodWorker.run(TestMethodWorker.java:134)
at java.base/java.util.ArrayList.forEach(ArrayList.java:1511)
at org.testng.TestRunner.privateRun(TestRunner.java:739)
at org.testng.TestRunner.run(TestRunner.java:614)
at org.testng.SuiteRunner.runTest(SuiteRunner.java:421)
at org.testng.SuiteRunner.runSequentially(SuiteRunner.java:413)
at org.testng.SuiteRunner.privateRun(SuiteRunner.java:373)
at org.testng.SuiteRunner.run(SuiteRunner.java:312)
at org.testng.SuiteRunnerWorker.runSuite(SuiteRunnerWorker.java:52)
at org.testng.SuiteRunnerWorker.run(SuiteRunnerWorker.java:95)
at org.testng.TestNG.runSuitesSequentially(TestNG.java:1274)
at org.testng.TestNG.runSuitesLocally(TestNG.java:1208)
at org.testng.TestNG.runSuites(TestNG.java:1112)
at org.testng.TestNG.run(TestNG.java:1079)
at org.testng.remote.AbstractRemoteTestNG.run(AbstractRemoteTestNG.java:115)
at org.testng.remote.RemoteTestNG.initAndRun(RemoteTestNG.java:293)
at org.testng.remote.RemoteTestNG.main(RemoteTestNG.java:91)
]]>
    </failure>
  </testcase> <!-- bulkCreate -->
  <testcase classname="APIs.Create_PreLaunch_Requests" name="bulkCreate" time="1.441"/>
  <testcase classname="APIs.Create_PreLaunch_Requests" name="bulkCreate" time="1.444"/>
  <testcase classname="APIs.Create_PreLaunch_Requests" name="bulkCreate" time="1.452"/>
  <testcase classname="APIs.Create_PreLaunch_Requests" name="bulkCreate" time="1.421"/>
  <testcase classname="APIs.Create_PreLaunch_Requests" name="bulkCreate" time="1.837"/>
  <testcase classname="APIs.Create_PreLaunch_Requests" name="bulkCreate" time="1.399"/>
  <testcase classname="APIs.Create_PreLaunch_Requests" name="bulkCreate" time="1.450"/>
  <testcase classname="APIs.Create_PreLaunch_Requests" name="bulkCreate" time="1.763"/>
  <testcase classname="APIs.Create_PreLaunch_Requests" name="bulkCreate" time="1.485"/>
  <testcase classname="APIs.Create_PreLaunch_Requests" name="bulkCreate" time="1.413"/>
  <testcase classname="APIs.Create_PreLaunch_Requests" name="bulkCreate" time="1.186"/>
  <testcase classname="APIs.Create_PreLaunch_Requests" name="bulkCreate" time="1.440"/>
  <testcase classname="APIs.Create_PreLaunch_Requests" name="bulkCreate" time="1.397"/>
  <testcase classname="APIs.Create_PreLaunch_Requests" name="bulkCreate" time="1.492"/>
  <testcase classname="APIs.Create_PreLaunch_Requests" name="bulkCreate" time="1.474"/>
  <testcase classname="APIs.Create_PreLaunch_Requests" name="bulkCreate" time="1.303"/>
  <testcase classname="APIs.Create_PreLaunch_Requests" name="bulkCreate" time="1.411"/>
  <testcase classname="APIs.Create_PreLaunch_Requests" name="bulkCreate" time="1.435"/>
  <testcase classname="APIs.Create_PreLaunch_Requests" name="bulkCreate" time="1.446"/>
  <testcase classname="APIs.Create_PreLaunch_Requests" name="bulkCreate" time="1.423"/>
  <testcase classname="APIs.Create_PreLaunch_Requests" name="bulkCreate" time="1.249"/>
  <testcase classname="APIs.Create_PreLaunch_Requests" name="bulkCreate" time="1.168"/>
  <testcase classname="APIs.Create_PreLaunch_Requests" name="bulkCreate" time="1.489"/>
  <testcase classname="APIs.Create_PreLaunch_Requests" name="bulkCreate" time="1.443"/>
  <testcase classname="APIs.Create_PreLaunch_Requests" name="bulkCreate" time="1.443"/>
  <testcase classname="APIs.Create_PreLaunch_Requests" name="bulkCreate" time="1.400"/>
  <testcase classname="APIs.Create_PreLaunch_Requests" name="bulkCreate" time="1.288"/>
  <testcase classname="APIs.Create_PreLaunch_Requests" name="bulkCreate" time="1.418"/>
  <testcase classname="APIs.Create_PreLaunch_Requests" name="bulkCreate" time="1.520"/>
  <testcase classname="APIs.Create_PreLaunch_Requests" name="bulkCreate" time="1.435"/>
  <testcase classname="APIs.Create_PreLaunch_Requests" name="bulkCreate" time="1.428"/>
  <testcase classname="APIs.Create_PreLaunch_Requests" name="bulkCreate" time="1.625"/>
  <testcase classname="APIs.Create_PreLaunch_Requests" name="bulkCreate" time="1.520"/>
  <testcase classname="APIs.Create_PreLaunch_Requests" name="bulkCreate" time="0.680">
    <error message="Connection reset" type="javax.net.ssl.SSLException">
      <![CDATA[javax.net.ssl.SSLException: Connection reset
at java.base/sun.security.ssl.Alert.createSSLException(Alert.java:127)
at java.base/sun.security.ssl.TransportContext.fatal(TransportContext.java:369)
at java.base/sun.security.ssl.TransportContext.fatal(TransportContext.java:312)
at java.base/sun.security.ssl.TransportContext.fatal(TransportContext.java:307)
at java.base/sun.security.ssl.SSLTransport.decode(SSLTransport.java:144)
at java.base/sun.security.ssl.SSLSocketImpl.decode(SSLSocketImpl.java:1498)
at java.base/sun.security.ssl.SSLSocketImpl.readHandshakeRecord(SSLSocketImpl.java:1404)
at java.base/sun.security.ssl.SSLSocketImpl.startHandshake(SSLSocketImpl.java:441)
at java.base/sun.security.ssl.SSLSocketImpl.startHandshake(SSLSocketImpl.java:412)
at org.apache.http.conn.ssl.SSLSocketFactory.createLayeredSocket(SSLSocketFactory.java:570)
at org.apache.http.conn.ssl.SSLSocketFactory.connectSocket(SSLSocketFactory.java:554)
at org.apache.http.conn.ssl.SSLSocketFactory.connectSocket(SSLSocketFactory.java:415)
at org.apache.http.impl.conn.DefaultClientConnectionOperator.openConnection(DefaultClientConnectionOperator.java:180)
at org.apache.http.impl.conn.ManagedClientConnectionImpl.open(ManagedClientConnectionImpl.java:326)
at org.apache.http.impl.client.DefaultRequestDirector.tryConnect(DefaultRequestDirector.java:605)
at org.apache.http.impl.client.DefaultRequestDirector.execute(DefaultRequestDirector.java:440)
at org.apache.http.impl.client.AbstractHttpClient.doExecute(AbstractHttpClient.java:835)
at org.apache.http.impl.client.CloseableHttpClient.execute(CloseableHttpClient.java:83)
at io.restassured.internal.RestAssuredHttpBuilder.doRequest(RestAssuredHttpBuilder.java:141)
at io.restassured.internal.http.HTTPBuilder.post(HTTPBuilder.java:349)
at io.restassured.internal.http.HTTPBuilder$post$2.call(Unknown Source)
at io.restassured.internal.RequestSpecificationImpl.sendRequest(RequestSpecificationImpl.groovy:1209)
at io.restassured.internal.RequestSpecificationImpl.this$2$sendRequest(RequestSpecificationImpl.groovy)
at jdk.internal.reflect.GeneratedMethodAccessor79.invoke(Unknown Source)
at java.base/jdk.internal.reflect.DelegatingMethodAccessorImpl.invoke(DelegatingMethodAccessorImpl.java:43)
at java.base/java.lang.reflect.Method.invoke(Method.java:567)
at org.codehaus.groovy.reflection.CachedMethod.invoke(CachedMethod.java:343)
at groovy.lang.MetaMethod.doMethodInvoke(MetaMethod.java:328)
at groovy.lang.MetaClassImpl.doInvokeMethod(MetaClassImpl.java:1333)
at groovy.lang.MetaClassImpl.invokeMethod(MetaClassImpl.java:1088)
at groovy.lang.MetaClassImpl.invokeMethod(MetaClassImpl.java:1007)
at groovy.lang.MetaClassImpl.invokeMethod(MetaClassImpl.java:790)
at io.restassured.internal.RequestSpecificationImpl.invokeMethod(RequestSpecificationImpl.groovy)
at org.codehaus.groovy.runtime.callsite.PogoInterceptableSite.call(PogoInterceptableSite.java:46)
at org.codehaus.groovy.runtime.callsite.AbstractCallSite.call(AbstractCallSite.java:166)
at io.restassured.internal.filter.SendRequestFilter.filter(SendRequestFilter.groovy:30)
at io.restassured.filter.Filter$filter.call(Unknown Source)
at org.codehaus.groovy.runtime.callsite.CallSiteArray.defaultCall(CallSiteArray.java:45)
at io.restassured.filter.Filter$filter$0.call(Unknown Source)
at io.restassured.internal.filter.FilterContextImpl.next(FilterContextImpl.groovy:72)
at io.restassured.filter.time.TimingFilter.filter(TimingFilter.java:56)
at io.restassured.filter.Filter$filter$0.call(Unknown Source)
at org.codehaus.groovy.runtime.callsite.CallSiteArray.defaultCall(CallSiteArray.java:45)
at io.restassured.filter.Filter$filter.call(Unknown Source)
at io.restassured.internal.filter.FilterContextImpl.next(FilterContextImpl.groovy:72)
at io.restassured.filter.FilterContext$next.call(Unknown Source)
at io.restassured.internal.filter.CsrfFilter.filter(CsrfFilter.groovy:70)
at io.restassured.filter.Filter$filter.call(Unknown Source)
at org.codehaus.groovy.runtime.callsite.CallSiteArray.defaultCall(CallSiteArray.java:45)
at io.restassured.filter.Filter$filter.call(Unknown Source)
at io.restassured.internal.filter.FilterContextImpl.next(FilterContextImpl.groovy:72)
at io.restassured.filter.FilterContext$next.call(Unknown Source)
at io.restassured.internal.RequestSpecificationImpl.applyPathParamsAndSendRequest(RequestSpecificationImpl.groovy:1704)
at io.restassured.internal.RequestSpecificationImpl.this$2$applyPathParamsAndSendRequest(RequestSpecificationImpl.groovy)
at jdk.internal.reflect.GeneratedMethodAccessor68.invoke(Unknown Source)
at java.base/jdk.internal.reflect.DelegatingMethodAccessorImpl.invoke(DelegatingMethodAccessorImpl.java:43)
at java.base/java.lang.reflect.Method.invoke(Method.java:567)
at org.codehaus.groovy.reflection.CachedMethod.invoke(CachedMethod.java:343)
at groovy.lang.MetaMethod.doMethodInvoke(MetaMethod.java:328)
at groovy.lang.MetaClassImpl.doInvokeMethod(MetaClassImpl.java:1333)
at groovy.lang.MetaClassImpl.invokeMethod(MetaClassImpl.java:1088)
at groovy.lang.MetaClassImpl.invokeMethod(MetaClassImpl.java:1007)
at groovy.lang.MetaClassImpl.invokeMethod(MetaClassImpl.java:790)
at io.restassured.internal.RequestSpecificationImpl.invokeMethod(RequestSpecificationImpl.groovy)
at org.codehaus.groovy.runtime.callsite.PogoInterceptableSite.call(PogoInterceptableSite.java:46)
at org.codehaus.groovy.runtime.callsite.PogoInterceptableSite.callCurrent(PogoInterceptableSite.java:57)
at org.codehaus.groovy.runtime.callsite.AbstractCallSite.callCurrent(AbstractCallSite.java:203)
at io.restassured.internal.RequestSpecificationImpl.applyPathParamsAndSendRequest(RequestSpecificationImpl.groovy:1710)
at io.restassured.internal.RequestSpecificationImpl.this$2$applyPathParamsAndSendRequest(RequestSpecificationImpl.groovy)
at jdk.internal.reflect.GeneratedMethodAccessor67.invoke(Unknown Source)
at java.base/jdk.internal.reflect.DelegatingMethodAccessorImpl.invoke(DelegatingMethodAccessorImpl.java:43)
at java.base/java.lang.reflect.Method.invoke(Method.java:567)
at org.codehaus.groovy.reflection.CachedMethod.invoke(CachedMethod.java:343)
at groovy.lang.MetaMethod.doMethodInvoke(MetaMethod.java:328)
at groovy.lang.MetaClassImpl.doInvokeMethod(MetaClassImpl.java:1333)
at groovy.lang.MetaClassImpl.invokeMethod(MetaClassImpl.java:1088)
at groovy.lang.MetaClassImpl.invokeMethod(MetaClassImpl.java:1007)
at groovy.lang.MetaClassImpl.invokeMethod(MetaClassImpl.java:790)
at io.restassured.internal.RequestSpecificationImpl.invokeMethod(RequestSpecificationImpl.groovy)
at org.codehaus.groovy.runtime.callsite.PogoInterceptableSite.call(PogoInterceptableSite.java:46)
at org.codehaus.groovy.runtime.callsite.PogoInterceptableSite.callCurrent(PogoInterceptableSite.java:57)
at org.codehaus.groovy.runtime.callsite.AbstractCallSite.callCurrent(AbstractCallSite.java:203)
at io.restassured.internal.RequestSpecificationImpl.post(RequestSpecificationImpl.groovy:176)
at io.restassured.internal.RequestSpecificationImpl.post(RequestSpecificationImpl.groovy)
at APIs.Create_PreLaunch_Requests.bulkCreate(Create_PreLaunch_Requests.java:64)
at jdk.internal.reflect.GeneratedMethodAccessor122.invoke(Unknown Source)
at java.base/jdk.internal.reflect.DelegatingMethodAccessorImpl.invoke(DelegatingMethodAccessorImpl.java:43)
at java.base/java.lang.reflect.Method.invoke(Method.java:567)
at org.testng.internal.invokers.MethodInvocationHelper.invokeMethod(MethodInvocationHelper.java:141)
at org.testng.internal.invokers.TestInvoker.invokeMethod(TestInvoker.java:686)
at org.testng.internal.invokers.TestInvoker.invokeTestMethod(TestInvoker.java:230)
at org.testng.internal.invokers.MethodRunner.runInSequence(MethodRunner.java:63)
at org.testng.internal.invokers.TestInvoker$MethodInvocationAgent.invoke(TestInvoker.java:992)
at org.testng.internal.invokers.TestInvoker.invokeTestMethods(TestInvoker.java:203)
at org.testng.internal.invokers.TestMethodWorker.invokeTestMethods(TestMethodWorker.java:154)
at org.testng.internal.invokers.TestMethodWorker.run(TestMethodWorker.java:134)
at java.base/java.util.ArrayList.forEach(ArrayList.java:1511)
at org.testng.TestRunner.privateRun(TestRunner.java:739)
at org.testng.TestRunner.run(TestRunner.java:614)
at org.testng.SuiteRunner.runTest(SuiteRunner.java:421)
at org.testng.SuiteRunner.runSequentially(SuiteRunner.java:413)
at org.testng.SuiteRunner.privateRun(SuiteRunner.java:373)
at org.testng.SuiteRunner.run(SuiteRunner.java:312)
at org.testng.SuiteRunnerWorker.runSuite(SuiteRunnerWorker.java:52)
at org.testng.SuiteRunnerWorker.run(SuiteRunnerWorker.java:95)
at org.testng.TestNG.runSuitesSequentially(TestNG.java:1274)
at org.testng.TestNG.runSuitesLocally(TestNG.java:1208)
at org.testng.TestNG.runSuites(TestNG.java:1112)
at org.testng.TestNG.run(TestNG.java:1079)
at org.testng.remote.AbstractRemoteTestNG.run(AbstractRemoteTestNG.java:115)
at org.testng.remote.RemoteTestNG.initAndRun(RemoteTestNG.java:293)
at org.testng.remote.RemoteTestNG.main(RemoteTestNG.java:91)
Suppressed: java.net.SocketException: Connection reset by peer
at java.base/sun.nio.ch.NioSocketImpl.implWrite(NioSocketImpl.java:420)
at java.base/sun.nio.ch.NioSocketImpl.write(NioSocketImpl.java:440)
at java.base/sun.nio.ch.NioSocketImpl$2.write(NioSocketImpl.java:826)
at java.base/java.net.Socket$SocketOutputStream.write(Socket.java:1045)
at java.base/sun.security.ssl.SSLSocketOutputRecord.encodeAlert(SSLSocketOutputRecord.java:82)
at java.base/sun.security.ssl.TransportContext.fatal(TransportContext.java:400)
... 110 more
Caused by: java.net.SocketException: Connection reset
at java.base/sun.nio.ch.NioSocketImpl.implRead(NioSocketImpl.java:323)
at java.base/sun.nio.ch.NioSocketImpl.read(NioSocketImpl.java:350)
at java.base/sun.nio.ch.NioSocketImpl$1.read(NioSocketImpl.java:803)
at java.base/java.net.Socket$SocketInputStream.read(Socket.java:976)
at java.base/sun.security.ssl.SSLSocketInputRecord.read(SSLSocketInputRecord.java:478)
at java.base/sun.security.ssl.SSLSocketInputRecord.readFully(SSLSocketInputRecord.java:461)
at java.base/sun.security.ssl.SSLSocketInputRecord.decodeInputRecord(SSLSocketInputRecord.java:243)
at java.base/sun.security.ssl.SSLSocketInputRecord.decode(SSLSocketInputRecord.java:181)
at java.base/sun.security.ssl.SSLTransport.decode(SSLTransport.java:110)
... 107 more
]]>
    </error>
  </testcase> <!-- bulkCreate -->
  <testcase classname="APIs.Create_PreLaunch_Requests" name="bulkCreate" time="1.418"/>
  <testcase classname="APIs.Create_PreLaunch_Requests" name="bulkCreate" time="1.239"/>
  <testcase classname="APIs.Create_PreLaunch_Requests" name="bulkCreate" time="1.431"/>
  <testcase classname="APIs.Create_PreLaunch_Requests" name="bulkCreate" time="1.478"/>
  <testcase classname="APIs.Create_PreLaunch_Requests" name="bulkCreate" time="1.417"/>
  <testcase classname="APIs.Create_PreLaunch_Requests" name="bulkCreate" time="1.421"/>
  <testcase classname="APIs.Create_PreLaunch_Requests" name="bulkCreate" time="1.012"/>
  <testcase classname="APIs.Create_PreLaunch_Requests" name="bulkCreate" time="1.191"/>
  <testcase classname="APIs.Create_PreLaunch_Requests" name="bulkCreate" time="1.218"/>
  <testcase classname="APIs.Create_PreLaunch_Requests" name="bulkCreate" time="1.459"/>
  <testcase classname="APIs.Create_PreLaunch_Requests" name="bulkCreate" time="1.030"/>
  <testcase classname="APIs.Create_PreLaunch_Requests" name="bulkCreate" time="1.367"/>
  <testcase classname="APIs.Create_PreLaunch_Requests" name="bulkCreate" time="1.110"/>
  <testcase classname="APIs.Create_PreLaunch_Requests" name="bulkCreate" time="1.493"/>
  <testcase classname="APIs.Create_PreLaunch_Requests" name="bulkCreate" time="1.449"/>
  <testcase classname="APIs.Create_PreLaunch_Requests" name="bulkCreate" time="1.233"/>
  <testcase classname="APIs.Create_PreLaunch_Requests" name="bulkCreate" time="1.436"/>
  <testcase classname="APIs.Create_PreLaunch_Requests" name="bulkCreate" time="1.431"/>
  <testcase classname="APIs.Create_PreLaunch_Requests" name="bulkCreate" time="0.970"/>
  <testcase classname="APIs.Create_PreLaunch_Requests" name="bulkCreate" time="1.146"/>
  <testcase classname="APIs.Create_PreLaunch_Requests" name="bulkCreate" time="1.418"/>
  <testcase classname="APIs.Create_PreLaunch_Requests" name="bulkCreate" time="1.447"/>
  <testcase classname="APIs.Create_PreLaunch_Requests" name="bulkCreate" time="1.149"/>
  <testcase classname="APIs.Create_PreLaunch_Requests" name="bulkCreate" time="1.475"/>
  <testcase classname="APIs.Create_PreLaunch_Requests" name="bulkCreate" time="1.441"/>
  <testcase classname="APIs.Create_PreLaunch_Requests" name="bulkCreate" time="1.260"/>
  <testcase classname="APIs.Create_PreLaunch_Requests" name="bulkCreate" time="1.437"/>
  <testcase classname="APIs.Create_PreLaunch_Requests" name="bulkCreate" time="1.731"/>
  <testcase classname="APIs.Create_PreLaunch_Requests" name="bulkCreate" time="1.480"/>
  <testcase classname="APIs.Create_PreLaunch_Requests" name="bulkCreate" time="1.460"/>
  <testcase classname="APIs.Create_PreLaunch_Requests" name="bulkCreate" time="1.423"/>
  <testcase classname="APIs.Create_PreLaunch_Requests" name="bulkCreate" time="1.515"/>
  <testcase classname="APIs.Create_PreLaunch_Requests" name="bulkCreate" time="1.422"/>
  <testcase classname="APIs.Create_PreLaunch_Requests" name="bulkCreate" time="11.081"/>
  <testcase classname="APIs.Create_PreLaunch_Requests" name="bulkCreate" time="1.474"/>
  <testcase classname="APIs.Create_PreLaunch_Requests" name="bulkCreate" time="1.992"/>
  <testcase classname="APIs.Create_PreLaunch_Requests" name="bulkCreate" time="1.463"/>
  <testcase classname="APIs.Create_PreLaunch_Requests" name="bulkCreate" time="1.442"/>
  <testcase classname="APIs.Create_PreLaunch_Requests" name="bulkCreate" time="2.983"/>
  <testcase classname="APIs.Create_PreLaunch_Requests" name="bulkCreate" time="1.427"/>
  <testcase classname="APIs.Create_PreLaunch_Requests" name="bulkCreate" time="1.625"/>
  <testcase classname="APIs.Create_PreLaunch_Requests" name="bulkCreate" time="1.234"/>
  <testcase classname="APIs.Create_PreLaunch_Requests" name="bulkCreate" time="1.458"/>
  <testcase classname="APIs.Create_PreLaunch_Requests" name="bulkCreate" time="1.424"/>
  <testcase classname="APIs.Create_PreLaunch_Requests" name="bulkCreate" time="1.430"/>
  <testcase classname="APIs.Create_PreLaunch_Requests" name="bulkCreate" time="1.521"/>
  <testcase classname="APIs.Create_PreLaunch_Requests" name="bulkCreate" time="1.440"/>
  <testcase classname="APIs.Create_PreLaunch_Requests" name="bulkCreate" time="1.448"/>
  <testcase classname="APIs.Create_PreLaunch_Requests" name="bulkCreate" time="1.408"/>
  <testcase classname="APIs.Create_PreLaunch_Requests" name="bulkCreate" time="1.494"/>
  <testcase classname="APIs.Create_PreLaunch_Requests" name="bulkCreate" time="1.577"/>
  <testcase classname="APIs.Create_PreLaunch_Requests" name="bulkCreate" time="1.126"/>
  <testcase classname="APIs.Create_PreLaunch_Requests" name="bulkCreate" time="1.466"/>
  <testcase classname="APIs.Create_PreLaunch_Requests" name="bulkCreate" time="1.459"/>
  <testcase classname="APIs.Create_PreLaunch_Requests" name="bulkCreate" time="1.435"/>
  <testcase classname="APIs.Create_PreLaunch_Requests" name="bulkCreate" time="1.431"/>
  <testcase classname="APIs.Create_PreLaunch_Requests" name="bulkCreate" time="1.489"/>
  <testcase classname="APIs.Create_PreLaunch_Requests" name="bulkCreate" time="1.440"/>
  <testcase classname="APIs.Create_PreLaunch_Requests" name="bulkCreate" time="1.443"/>
  <testcase classname="APIs.Create_PreLaunch_Requests" name="bulkCreate" time="1.722"/>
  <testcase classname="APIs.Create_PreLaunch_Requests" name="bulkCreate" time="1.583"/>
  <testcase classname="APIs.Create_PreLaunch_Requests" name="bulkCreate" time="1.427"/>
  <testcase classname="APIs.Create_PreLaunch_Requests" name="bulkCreate" time="1.079"/>
  <testcase classname="APIs.Create_PreLaunch_Requests" name="bulkCreate" time="1.450"/>
  <testcase classname="APIs.Create_PreLaunch_Requests" name="bulkCreate" time="1.300"/>
  <testcase classname="APIs.Create_PreLaunch_Requests" name="bulkCreate" time="1.391"/>
  <testcase classname="APIs.Create_PreLaunch_Requests" name="bulkCreate" time="1.338"/>
  <testcase classname="APIs.Create_PreLaunch_Requests" name="bulkCreate" time="1.471"/>
  <testcase classname="APIs.Create_PreLaunch_Requests" name="bulkCreate" time="1.460"/>
  <testcase classname="APIs.Create_PreLaunch_Requests" name="bulkCreate" time="1.489"/>
  <testcase classname="APIs.Create_PreLaunch_Requests" name="bulkCreate" time="1.211"/>
  <testcase classname="APIs.Create_PreLaunch_Requests" name="bulkCreate" time="1.605"/>
  <testcase classname="APIs.Create_PreLaunch_Requests" name="bulkCreate" time="1.759"/>
  <testcase classname="APIs.Create_PreLaunch_Requests" name="bulkCreate" time="1.564"/>
  <testcase classname="APIs.Create_PreLaunch_Requests" name="bulkCreate" time="1.094"/>
  <testcase classname="APIs.Create_PreLaunch_Requests" name="bulkCreate" time="6.865"/>
  <testcase classname="APIs.Create_PreLaunch_Requests" name="bulkCreate" time="1.448"/>
  <testcase classname="APIs.Create_PreLaunch_Requests" name="bulkCreate" time="1.184"/>
  <testcase classname="APIs.Create_PreLaunch_Requests" name="bulkCreate" time="1.442"/>
  <testcase classname="APIs.Create_PreLaunch_Requests" name="bulkCreate" time="1.419"/>
  <testcase classname="APIs.Create_PreLaunch_Requests" name="bulkCreate" time="1.376"/>
  <testcase classname="APIs.Create_PreLaunch_Requests" name="bulkCreate" time="1.552"/>
  <testcase classname="APIs.Create_PreLaunch_Requests" name="bulkCreate" time="1.269"/>
  <testcase classname="APIs.Create_PreLaunch_Requests" name="bulkCreate" time="1.699"/>
  <testcase classname="APIs.Create_PreLaunch_Requests" name="bulkCreate" time="1.168"/>
  <testcase classname="APIs.Create_PreLaunch_Requests" name="bulkCreate" time="1.465"/>
  <testcase classname="APIs.Create_PreLaunch_Requests" name="bulkCreate" time="1.423"/>
  <testcase classname="APIs.Create_PreLaunch_Requests" name="bulkCreate" time="1.239"/>
  <testcase classname="APIs.Create_PreLaunch_Requests" name="bulkCreate" time="1.253"/>
  <testcase classname="APIs.Create_PreLaunch_Requests" name="bulkCreate" time="1.241"/>
  <testcase classname="APIs.Create_PreLaunch_Requests" name="bulkCreate" time="1.014"/>
  <testcase classname="APIs.Create_PreLaunch_Requests" name="bulkCreate" time="1.455"/>
  <testcase classname="APIs.Create_PreLaunch_Requests" name="bulkCreate" time="1.179"/>
  <testcase classname="APIs.Create_PreLaunch_Requests" name="bulkCreate" time="2.824"/>
  <testcase classname="APIs.Create_PreLaunch_Requests" name="bulkCreate" time="1.433"/>
  <testcase classname="APIs.Create_PreLaunch_Requests" name="bulkCreate" time="1.187"/>
  <testcase classname="APIs.Create_PreLaunch_Requests" name="bulkCreate" time="1.865"/>
  <testcase classname="APIs.Create_PreLaunch_Requests" name="bulkCreate" time="1.406"/>
  <testcase classname="APIs.Create_PreLaunch_Requests" name="bulkCreate" time="1.139"/>
  <testcase classname="APIs.Create_PreLaunch_Requests" name="bulkCreate" time="1.417"/>
  <testcase classname="APIs.Create_PreLaunch_Requests" name="bulkCreate" time="1.774"/>
  <testcase classname="APIs.Create_PreLaunch_Requests" name="bulkCreate" time="1.452"/>
  <testcase classname="APIs.Create_PreLaunch_Requests" name="bulkCreate" time="1.391"/>
  <testcase classname="APIs.Create_PreLaunch_Requests" name="bulkCreate" time="1.233"/>
  <testcase classname="APIs.Create_PreLaunch_Requests" name="bulkCreate" time="1.418"/>
  <testcase classname="APIs.Create_PreLaunch_Requests" name="bulkCreate" time="1.151"/>
  <testcase classname="APIs.Create_PreLaunch_Requests" name="bulkCreate" time="1.472"/>
  <testcase classname="APIs.Create_PreLaunch_Requests" name="bulkCreate" time="1.317"/>
  <testcase classname="APIs.Create_PreLaunch_Requests" name="bulkCreate" time="1.159"/>
  <testcase classname="APIs.Create_PreLaunch_Requests" name="bulkCreate" time="0.966"/>
  <testcase classname="APIs.Create_PreLaunch_Requests" name="bulkCreate" time="1.364"/>
  <testcase classname="APIs.Create_PreLaunch_Requests" name="bulkCreate" time="1.192"/>
  <testcase classname="APIs.Create_PreLaunch_Requests" name="bulkCreate" time="1.483"/>
  <testcase classname="APIs.Create_PreLaunch_Requests" name="bulkCreate" time="1.154"/>
  <testcase classname="APIs.Create_PreLaunch_Requests" name="bulkCreate" time="1.436"/>
  <testcase classname="APIs.Create_PreLaunch_Requests" name="bulkCreate" time="1.195"/>
  <testcase classname="APIs.Create_PreLaunch_Requests" name="bulkCreate" time="1.528"/>
  <testcase classname="APIs.Create_PreLaunch_Requests" name="bulkCreate" time="1.232"/>
  <testcase classname="APIs.Create_PreLaunch_Requests" name="bulkCreate" time="4.892"/>
  <testcase classname="APIs.Create_PreLaunch_Requests" name="bulkCreate" time="1.988"/>
  <testcase classname="APIs.Create_PreLaunch_Requests" name="bulkCreate" time="1.391"/>
  <testcase classname="APIs.Create_PreLaunch_Requests" name="bulkCreate" time="1.579"/>
  <testcase classname="APIs.Create_PreLaunch_Requests" name="bulkCreate" time="11.223">
    <failure message="1 expectation failed.
Expected status code &lt;202&gt; but was &lt;500&gt;.
" type="java.lang.AssertionError">
      <![CDATA[java.lang.AssertionError: 1 expectation failed.
Expected status code <202> but was <500>.

at java.base/jdk.internal.reflect.NativeConstructorAccessorImpl.newInstance0(Native Method)
at java.base/jdk.internal.reflect.NativeConstructorAccessorImpl.newInstance(NativeConstructorAccessorImpl.java:78)
at java.base/jdk.internal.reflect.DelegatingConstructorAccessorImpl.newInstance(DelegatingConstructorAccessorImpl.java:45)
at java.base/java.lang.reflect.Constructor.newInstanceWithCaller(Constructor.java:499)
at java.base/java.lang.reflect.Constructor.newInstance(Constructor.java:480)
at org.codehaus.groovy.reflection.CachedConstructor.invoke(CachedConstructor.java:73)
at org.codehaus.groovy.runtime.callsite.ConstructorSite$ConstructorSiteNoUnwrapNoCoerce.callConstructor(ConstructorSite.java:108)
at org.codehaus.groovy.runtime.callsite.AbstractCallSite.callConstructor(AbstractCallSite.java:277)
at io.restassured.internal.ResponseSpecificationImpl$HamcrestAssertionClosure.validate(ResponseSpecificationImpl.groovy:512)
at io.restassured.internal.ResponseSpecificationImpl$HamcrestAssertionClosure$validate$1.call(Unknown Source)
at io.restassured.internal.ResponseSpecificationImpl.validateResponseIfRequired(ResponseSpecificationImpl.groovy:696)
at io.restassured.internal.ResponseSpecificationImpl.this$2$validateResponseIfRequired(ResponseSpecificationImpl.groovy)
at jdk.internal.reflect.GeneratedMethodAccessor116.invoke(Unknown Source)
at java.base/jdk.internal.reflect.DelegatingMethodAccessorImpl.invoke(DelegatingMethodAccessorImpl.java:43)
at java.base/java.lang.reflect.Method.invoke(Method.java:567)
at org.codehaus.groovy.runtime.callsite.PlainObjectMetaMethodSite.doInvoke(PlainObjectMetaMethodSite.java:43)
at org.codehaus.groovy.runtime.callsite.PogoMetaMethodSite$PogoCachedMethodSiteNoUnwrapNoCoerce.invoke(PogoMetaMethodSite.java:198)
at org.codehaus.groovy.runtime.callsite.PogoMetaMethodSite.callCurrent(PogoMetaMethodSite.java:62)
at org.codehaus.groovy.runtime.callsite.AbstractCallSite.callCurrent(AbstractCallSite.java:185)
at io.restassured.internal.ResponseSpecificationImpl.statusCode(ResponseSpecificationImpl.groovy:135)
at io.restassured.specification.ResponseSpecification$statusCode$0.callCurrent(Unknown Source)
at io.restassured.internal.ResponseSpecificationImpl.statusCode(ResponseSpecificationImpl.groovy:143)
at io.restassured.internal.ValidatableResponseOptionsImpl.statusCode(ValidatableResponseOptionsImpl.java:89)
at APIs.Create_PreLaunch_Requests.bulkCreate(Create_PreLaunch_Requests.java:65)
at jdk.internal.reflect.GeneratedMethodAccessor122.invoke(Unknown Source)
at java.base/jdk.internal.reflect.DelegatingMethodAccessorImpl.invoke(DelegatingMethodAccessorImpl.java:43)
at java.base/java.lang.reflect.Method.invoke(Method.java:567)
at org.testng.internal.invokers.MethodInvocationHelper.invokeMethod(MethodInvocationHelper.java:141)
at org.testng.internal.invokers.TestInvoker.invokeMethod(TestInvoker.java:686)
at org.testng.internal.invokers.TestInvoker.invokeTestMethod(TestInvoker.java:230)
at org.testng.internal.invokers.MethodRunner.runInSequence(MethodRunner.java:63)
at org.testng.internal.invokers.TestInvoker$MethodInvocationAgent.invoke(TestInvoker.java:992)
at org.testng.internal.invokers.TestInvoker.invokeTestMethods(TestInvoker.java:203)
at org.testng.internal.invokers.TestMethodWorker.invokeTestMethods(TestMethodWorker.java:154)
at org.testng.internal.invokers.TestMethodWorker.run(TestMethodWorker.java:134)
at java.base/java.util.ArrayList.forEach(ArrayList.java:1511)
at org.testng.TestRunner.privateRun(TestRunner.java:739)
at org.testng.TestRunner.run(TestRunner.java:614)
at org.testng.SuiteRunner.runTest(SuiteRunner.java:421)
at org.testng.SuiteRunner.runSequentially(SuiteRunner.java:413)
at org.testng.SuiteRunner.privateRun(SuiteRunner.java:373)
at org.testng.SuiteRunner.run(SuiteRunner.java:312)
at org.testng.SuiteRunnerWorker.runSuite(SuiteRunnerWorker.java:52)
at org.testng.SuiteRunnerWorker.run(SuiteRunnerWorker.java:95)
at org.testng.TestNG.runSuitesSequentially(TestNG.java:1274)
at org.testng.TestNG.runSuitesLocally(TestNG.java:1208)
at org.testng.TestNG.runSuites(TestNG.java:1112)
at org.testng.TestNG.run(TestNG.java:1079)
at org.testng.remote.AbstractRemoteTestNG.run(AbstractRemoteTestNG.java:115)
at org.testng.remote.RemoteTestNG.initAndRun(RemoteTestNG.java:293)
at org.testng.remote.RemoteTestNG.main(RemoteTestNG.java:91)
]]>
    </failure>
  </testcase> <!-- bulkCreate -->
  <testcase classname="APIs.Create_PreLaunch_Requests" name="bulkCreate" time="1.140"/>
  <testcase classname="APIs.Create_PreLaunch_Requests" name="bulkCreate" time="1.411"/>
  <testcase classname="APIs.Create_PreLaunch_Requests" name="bulkCreate" time="1.486"/>
  <testcase classname="APIs.Create_PreLaunch_Requests" name="bulkCreate" time="1.944"/>
  <testcase classname="APIs.Create_PreLaunch_Requests" name="bulkCreate" time="1.443"/>
  <testcase classname="APIs.Create_PreLaunch_Requests" name="bulkCreate" time="1.463"/>
  <testcase classname="APIs.Create_PreLaunch_Requests" name="bulkCreate" time="1.163"/>
  <testcase classname="APIs.Create_PreLaunch_Requests" name="bulkCreate" time="1.497"/>
  <testcase classname="APIs.Create_PreLaunch_Requests" name="bulkCreate" time="1.446"/>
  <testcase classname="APIs.Create_PreLaunch_Requests" name="bulkCreate" time="1.402"/>
  <testcase classname="APIs.Create_PreLaunch_Requests" name="bulkCreate" time="1.439"/>
  <testcase classname="APIs.Create_PreLaunch_Requests" name="bulkCreate" time="1.404"/>
  <testcase classname="APIs.Create_PreLaunch_Requests" name="bulkCreate" time="1.483"/>
  <testcase classname="APIs.Create_PreLaunch_Requests" name="bulkCreate" time="1.762"/>
  <testcase classname="APIs.Create_PreLaunch_Requests" name="bulkCreate" time="1.645"/>
  <testcase classname="APIs.Create_PreLaunch_Requests" name="bulkCreate" time="1.150"/>
  <testcase classname="APIs.Create_PreLaunch_Requests" name="bulkCreate" time="1.442"/>
  <testcase classname="APIs.Create_PreLaunch_Requests" name="bulkCreate" time="1.455"/>
  <testcase classname="APIs.Create_PreLaunch_Requests" name="bulkCreate" time="1.423"/>
  <testcase classname="APIs.Create_PreLaunch_Requests" name="bulkCreate" time="1.484"/>
  <testcase classname="APIs.Create_PreLaunch_Requests" name="bulkCreate" time="12.810">
    <failure message="1 expectation failed.
Expected status code &lt;202&gt; but was &lt;500&gt;.
" type="java.lang.AssertionError">
      <![CDATA[java.lang.AssertionError: 1 expectation failed.
Expected status code <202> but was <500>.

at java.base/jdk.internal.reflect.NativeConstructorAccessorImpl.newInstance0(Native Method)
at java.base/jdk.internal.reflect.NativeConstructorAccessorImpl.newInstance(NativeConstructorAccessorImpl.java:78)
at java.base/jdk.internal.reflect.DelegatingConstructorAccessorImpl.newInstance(DelegatingConstructorAccessorImpl.java:45)
at java.base/java.lang.reflect.Constructor.newInstanceWithCaller(Constructor.java:499)
at java.base/java.lang.reflect.Constructor.newInstance(Constructor.java:480)
at org.codehaus.groovy.reflection.CachedConstructor.invoke(CachedConstructor.java:73)
at org.codehaus.groovy.runtime.callsite.ConstructorSite$ConstructorSiteNoUnwrapNoCoerce.callConstructor(ConstructorSite.java:108)
at org.codehaus.groovy.runtime.callsite.AbstractCallSite.callConstructor(AbstractCallSite.java:277)
at io.restassured.internal.ResponseSpecificationImpl$HamcrestAssertionClosure.validate(ResponseSpecificationImpl.groovy:512)
at io.restassured.internal.ResponseSpecificationImpl$HamcrestAssertionClosure$validate$1.call(Unknown Source)
at io.restassured.internal.ResponseSpecificationImpl.validateResponseIfRequired(ResponseSpecificationImpl.groovy:696)
at io.restassured.internal.ResponseSpecificationImpl.this$2$validateResponseIfRequired(ResponseSpecificationImpl.groovy)
at jdk.internal.reflect.GeneratedMethodAccessor116.invoke(Unknown Source)
at java.base/jdk.internal.reflect.DelegatingMethodAccessorImpl.invoke(DelegatingMethodAccessorImpl.java:43)
at java.base/java.lang.reflect.Method.invoke(Method.java:567)
at org.codehaus.groovy.runtime.callsite.PlainObjectMetaMethodSite.doInvoke(PlainObjectMetaMethodSite.java:43)
at org.codehaus.groovy.runtime.callsite.PogoMetaMethodSite$PogoCachedMethodSiteNoUnwrapNoCoerce.invoke(PogoMetaMethodSite.java:198)
at org.codehaus.groovy.runtime.callsite.PogoMetaMethodSite.callCurrent(PogoMetaMethodSite.java:62)
at org.codehaus.groovy.runtime.callsite.AbstractCallSite.callCurrent(AbstractCallSite.java:185)
at io.restassured.internal.ResponseSpecificationImpl.statusCode(ResponseSpecificationImpl.groovy:135)
at io.restassured.specification.ResponseSpecification$statusCode$0.callCurrent(Unknown Source)
at io.restassured.internal.ResponseSpecificationImpl.statusCode(ResponseSpecificationImpl.groovy:143)
at io.restassured.internal.ValidatableResponseOptionsImpl.statusCode(ValidatableResponseOptionsImpl.java:89)
at APIs.Create_PreLaunch_Requests.bulkCreate(Create_PreLaunch_Requests.java:65)
at jdk.internal.reflect.GeneratedMethodAccessor122.invoke(Unknown Source)
at java.base/jdk.internal.reflect.DelegatingMethodAccessorImpl.invoke(DelegatingMethodAccessorImpl.java:43)
at java.base/java.lang.reflect.Method.invoke(Method.java:567)
at org.testng.internal.invokers.MethodInvocationHelper.invokeMethod(MethodInvocationHelper.java:141)
at org.testng.internal.invokers.TestInvoker.invokeMethod(TestInvoker.java:686)
at org.testng.internal.invokers.TestInvoker.invokeTestMethod(TestInvoker.java:230)
at org.testng.internal.invokers.MethodRunner.runInSequence(MethodRunner.java:63)
at org.testng.internal.invokers.TestInvoker$MethodInvocationAgent.invoke(TestInvoker.java:992)
at org.testng.internal.invokers.TestInvoker.invokeTestMethods(TestInvoker.java:203)
at org.testng.internal.invokers.TestMethodWorker.invokeTestMethods(TestMethodWorker.java:154)
at org.testng.internal.invokers.TestMethodWorker.run(TestMethodWorker.java:134)
at java.base/java.util.ArrayList.forEach(ArrayList.java:1511)
at org.testng.TestRunner.privateRun(TestRunner.java:739)
at org.testng.TestRunner.run(TestRunner.java:614)
at org.testng.SuiteRunner.runTest(SuiteRunner.java:421)
at org.testng.SuiteRunner.runSequentially(SuiteRunner.java:413)
at org.testng.SuiteRunner.privateRun(SuiteRunner.java:373)
at org.testng.SuiteRunner.run(SuiteRunner.java:312)
at org.testng.SuiteRunnerWorker.runSuite(SuiteRunnerWorker.java:52)
at org.testng.SuiteRunnerWorker.run(SuiteRunnerWorker.java:95)
at org.testng.TestNG.runSuitesSequentially(TestNG.java:1274)
at org.testng.TestNG.runSuitesLocally(TestNG.java:1208)
at org.testng.TestNG.runSuites(TestNG.java:1112)
at org.testng.TestNG.run(TestNG.java:1079)
at org.testng.remote.AbstractRemoteTestNG.run(AbstractRemoteTestNG.java:115)
at org.testng.remote.RemoteTestNG.initAndRun(RemoteTestNG.java:293)
at org.testng.remote.RemoteTestNG.main(RemoteTestNG.java:91)
]]>
    </failure>
  </testcase> <!-- bulkCreate -->
  <testcase classname="APIs.Create_PreLaunch_Requests" name="bulkCreate" time="1.465"/>
  <testcase classname="APIs.Create_PreLaunch_Requests" name="bulkCreate" time="1.433"/>
  <testcase classname="APIs.Create_PreLaunch_Requests" name="bulkCreate" time="5.424"/>
  <testcase classname="APIs.Create_PreLaunch_Requests" name="bulkCreate" time="1.421"/>
  <testcase classname="APIs.Create_PreLaunch_Requests" name="bulkCreate" time="1.489"/>
  <testcase classname="APIs.Create_PreLaunch_Requests" name="bulkCreate" time="1.442"/>
  <testcase classname="APIs.Create_PreLaunch_Requests" name="bulkCreate" time="1.451"/>
  <testcase classname="APIs.Create_PreLaunch_Requests" name="bulkCreate" time="1.710"/>
  <testcase classname="APIs.Create_PreLaunch_Requests" name="bulkCreate" time="1.412"/>
  <testcase classname="APIs.Create_PreLaunch_Requests" name="bulkCreate" time="1.392"/>
  <testcase classname="APIs.Create_PreLaunch_Requests" name="bulkCreate" time="1.182"/>
  <testcase classname="APIs.Create_PreLaunch_Requests" name="bulkCreate" time="1.394"/>
  <testcase classname="APIs.Create_PreLaunch_Requests" name="bulkCreate" time="1.196"/>
  <testcase classname="APIs.Create_PreLaunch_Requests" name="bulkCreate" time="1.102"/>
  <testcase classname="APIs.Create_PreLaunch_Requests" name="bulkCreate" time="1.446"/>
  <testcase classname="APIs.Create_PreLaunch_Requests" name="bulkCreate" time="1.484"/>
  <testcase classname="APIs.Create_PreLaunch_Requests" name="bulkCreate" time="0.964"/>
  <testcase classname="APIs.Create_PreLaunch_Requests" name="bulkCreate" time="1.464"/>
  <testcase classname="APIs.Create_PreLaunch_Requests" name="bulkCreate" time="1.166"/>
  <testcase classname="APIs.Create_PreLaunch_Requests" name="bulkCreate" time="1.458"/>
  <testcase classname="APIs.Create_PreLaunch_Requests" name="bulkCreate" time="0.961"/>
  <testcase classname="APIs.Create_PreLaunch_Requests" name="bulkCreate" time="1.143"/>
  <testcase classname="APIs.Create_PreLaunch_Requests" name="bulkCreate" time="1.443"/>
  <testcase classname="APIs.Create_PreLaunch_Requests" name="bulkCreate" time="1.296"/>
  <testcase classname="APIs.Create_PreLaunch_Requests" name="bulkCreate" time="1.442"/>
  <testcase classname="APIs.Create_PreLaunch_Requests" name="bulkCreate" time="1.161"/>
  <testcase classname="APIs.Create_PreLaunch_Requests" name="bulkCreate" time="1.466"/>
  <testcase classname="APIs.Create_PreLaunch_Requests" name="bulkCreate" time="1.408"/>
  <testcase classname="APIs.Create_PreLaunch_Requests" name="bulkCreate" time="1.757"/>
  <testcase classname="APIs.Create_PreLaunch_Requests" name="bulkCreate" time="1.469"/>
  <testcase classname="APIs.Create_PreLaunch_Requests" name="bulkCreate" time="1.077"/>
  <testcase classname="APIs.Create_PreLaunch_Requests" name="bulkCreate" time="1.440"/>
  <testcase classname="APIs.Create_PreLaunch_Requests" name="bulkCreate" time="1.175"/>
  <testcase classname="APIs.Create_PreLaunch_Requests" name="bulkCreate" time="1.477"/>
  <testcase classname="APIs.Create_PreLaunch_Requests" name="bulkCreate" time="1.445"/>
  <testcase classname="APIs.Create_PreLaunch_Requests" name="bulkCreate" time="0.987"/>
  <testcase classname="APIs.Create_PreLaunch_Requests" name="bulkCreate" time="1.282"/>
  <testcase classname="APIs.Create_PreLaunch_Requests" name="bulkCreate" time="1.480"/>
  <testcase classname="APIs.Create_PreLaunch_Requests" name="bulkCreate" time="1.525"/>
  <testcase classname="APIs.Create_PreLaunch_Requests" name="bulkCreate" time="1.745"/>
  <testcase classname="APIs.Create_PreLaunch_Requests" name="bulkCreate" time="1.490"/>
  <testcase classname="APIs.Create_PreLaunch_Requests" name="bulkCreate" time="1.130"/>
  <testcase classname="APIs.Create_PreLaunch_Requests" name="bulkCreate" time="1.436"/>
  <testcase classname="APIs.Create_PreLaunch_Requests" name="bulkCreate" time="1.419"/>
  <testcase classname="APIs.Create_PreLaunch_Requests" name="bulkCreate" time="1.380"/>
  <testcase classname="APIs.Create_PreLaunch_Requests" name="bulkCreate" time="1.651"/>
  <testcase classname="APIs.Create_PreLaunch_Requests" name="bulkCreate" time="1.442"/>
  <testcase classname="APIs.Create_PreLaunch_Requests" name="bulkCreate" time="5.606"/>
  <testcase classname="APIs.Create_PreLaunch_Requests" name="bulkCreate" time="1.212"/>
  <testcase classname="APIs.Create_PreLaunch_Requests" name="bulkCreate" time="1.483"/>
  <testcase classname="APIs.Create_PreLaunch_Requests" name="bulkCreate" time="11.208">
    <failure message="1 expectation failed.
Expected status code &lt;202&gt; but was &lt;500&gt;.
" type="java.lang.AssertionError">
      <![CDATA[java.lang.AssertionError: 1 expectation failed.
Expected status code <202> but was <500>.

at java.base/jdk.internal.reflect.NativeConstructorAccessorImpl.newInstance0(Native Method)
at java.base/jdk.internal.reflect.NativeConstructorAccessorImpl.newInstance(NativeConstructorAccessorImpl.java:78)
at java.base/jdk.internal.reflect.DelegatingConstructorAccessorImpl.newInstance(DelegatingConstructorAccessorImpl.java:45)
at java.base/java.lang.reflect.Constructor.newInstanceWithCaller(Constructor.java:499)
at java.base/java.lang.reflect.Constructor.newInstance(Constructor.java:480)
at org.codehaus.groovy.reflection.CachedConstructor.invoke(CachedConstructor.java:73)
at org.codehaus.groovy.runtime.callsite.ConstructorSite$ConstructorSiteNoUnwrapNoCoerce.callConstructor(ConstructorSite.java:108)
at org.codehaus.groovy.runtime.callsite.CallSiteArray.defaultCallConstructor(CallSiteArray.java:57)
at org.codehaus.groovy.runtime.callsite.AbstractCallSite.callConstructor(AbstractCallSite.java:263)
at org.codehaus.groovy.runtime.callsite.AbstractCallSite.callConstructor(AbstractCallSite.java:277)
at io.restassured.internal.ResponseSpecificationImpl$HamcrestAssertionClosure.validate(ResponseSpecificationImpl.groovy:512)
at io.restassured.internal.ResponseSpecificationImpl$HamcrestAssertionClosure$validate$1.call(Unknown Source)
at io.restassured.internal.ResponseSpecificationImpl.validateResponseIfRequired(ResponseSpecificationImpl.groovy:696)
at io.restassured.internal.ResponseSpecificationImpl.this$2$validateResponseIfRequired(ResponseSpecificationImpl.groovy)
at jdk.internal.reflect.GeneratedMethodAccessor116.invoke(Unknown Source)
at java.base/jdk.internal.reflect.DelegatingMethodAccessorImpl.invoke(DelegatingMethodAccessorImpl.java:43)
at java.base/java.lang.reflect.Method.invoke(Method.java:567)
at org.codehaus.groovy.runtime.callsite.PlainObjectMetaMethodSite.doInvoke(PlainObjectMetaMethodSite.java:43)
at org.codehaus.groovy.runtime.callsite.PogoMetaMethodSite$PogoCachedMethodSiteNoUnwrapNoCoerce.invoke(PogoMetaMethodSite.java:198)
at org.codehaus.groovy.runtime.callsite.PogoMetaMethodSite.callCurrent(PogoMetaMethodSite.java:62)
at org.codehaus.groovy.runtime.callsite.AbstractCallSite.callCurrent(AbstractCallSite.java:185)
at io.restassured.internal.ResponseSpecificationImpl.statusCode(ResponseSpecificationImpl.groovy:135)
at io.restassured.specification.ResponseSpecification$statusCode$0.callCurrent(Unknown Source)
at io.restassured.internal.ResponseSpecificationImpl.statusCode(ResponseSpecificationImpl.groovy:143)
at io.restassured.internal.ValidatableResponseOptionsImpl.statusCode(ValidatableResponseOptionsImpl.java:89)
at APIs.Create_PreLaunch_Requests.bulkCreate(Create_PreLaunch_Requests.java:65)
at jdk.internal.reflect.GeneratedMethodAccessor122.invoke(Unknown Source)
at java.base/jdk.internal.reflect.DelegatingMethodAccessorImpl.invoke(DelegatingMethodAccessorImpl.java:43)
at java.base/java.lang.reflect.Method.invoke(Method.java:567)
at org.testng.internal.invokers.MethodInvocationHelper.invokeMethod(MethodInvocationHelper.java:141)
at org.testng.internal.invokers.TestInvoker.invokeMethod(TestInvoker.java:686)
at org.testng.internal.invokers.TestInvoker.invokeTestMethod(TestInvoker.java:230)
at org.testng.internal.invokers.MethodRunner.runInSequence(MethodRunner.java:63)
at org.testng.internal.invokers.TestInvoker$MethodInvocationAgent.invoke(TestInvoker.java:992)
at org.testng.internal.invokers.TestInvoker.invokeTestMethods(TestInvoker.java:203)
at org.testng.internal.invokers.TestMethodWorker.invokeTestMethods(TestMethodWorker.java:154)
at org.testng.internal.invokers.TestMethodWorker.run(TestMethodWorker.java:134)
at java.base/java.util.ArrayList.forEach(ArrayList.java:1511)
at org.testng.TestRunner.privateRun(TestRunner.java:739)
at org.testng.TestRunner.run(TestRunner.java:614)
at org.testng.SuiteRunner.runTest(SuiteRunner.java:421)
at org.testng.SuiteRunner.runSequentially(SuiteRunner.java:413)
at org.testng.SuiteRunner.privateRun(SuiteRunner.java:373)
at org.testng.SuiteRunner.run(SuiteRunner.java:312)
at org.testng.SuiteRunnerWorker.runSuite(SuiteRunnerWorker.java:52)
at org.testng.SuiteRunnerWorker.run(SuiteRunnerWorker.java:95)
at org.testng.TestNG.runSuitesSequentially(TestNG.java:1274)
at org.testng.TestNG.runSuitesLocally(TestNG.java:1208)
at org.testng.TestNG.runSuites(TestNG.java:1112)
at org.testng.TestNG.run(TestNG.java:1079)
at org.testng.remote.AbstractRemoteTestNG.run(AbstractRemoteTestNG.java:115)
at org.testng.remote.RemoteTestNG.initAndRun(RemoteTestNG.java:293)
at org.testng.remote.RemoteTestNG.main(RemoteTestNG.java:91)
]]>
    </failure>
  </testcase> <!-- bulkCreate -->
  <testcase classname="APIs.Create_PreLaunch_Requests" name="bulkCreate" time="1.421"/>
  <testcase classname="APIs.Create_PreLaunch_Requests" name="bulkCreate" time="1.458"/>
  <testcase classname="APIs.Create_PreLaunch_Requests" name="bulkCreate" time="1.243"/>
  <testcase classname="APIs.Create_PreLaunch_Requests" name="bulkCreate" time="1.448"/>
  <testcase classname="APIs.Create_PreLaunch_Requests" name="bulkCreate" time="1.424"/>
  <testcase classname="APIs.Create_PreLaunch_Requests" name="bulkCreate" time="1.440"/>
  <testcase classname="APIs.Create_PreLaunch_Requests" name="bulkCreate" time="1.509"/>
  <testcase classname="APIs.Create_PreLaunch_Requests" name="bulkCreate" time="3.055"/>
  <testcase classname="APIs.Create_PreLaunch_Requests" name="bulkCreate" time="1.439"/>
  <testcase classname="APIs.Create_PreLaunch_Requests" name="bulkCreate" time="1.512"/>
  <testcase classname="APIs.Create_PreLaunch_Requests" name="bulkCreate" time="2.202"/>
  <testcase classname="APIs.Create_PreLaunch_Requests" name="bulkCreate" time="1.347"/>
  <testcase classname="APIs.Create_PreLaunch_Requests" name="bulkCreate" time="1.409"/>
  <testcase classname="APIs.Create_PreLaunch_Requests" name="bulkCreate" time="1.421"/>
  <testcase classname="APIs.Create_PreLaunch_Requests" name="bulkCreate" time="1.416"/>
  <testcase classname="APIs.Create_PreLaunch_Requests" name="bulkCreate" time="1.203"/>
  <testcase classname="APIs.Create_PreLaunch_Requests" name="bulkCreate" time="1.410"/>
  <testcase classname="APIs.Create_PreLaunch_Requests" name="bulkCreate" time="1.453"/>
  <testcase classname="APIs.Create_PreLaunch_Requests" name="bulkCreate" time="1.361"/>
  <testcase classname="APIs.Create_PreLaunch_Requests" name="bulkCreate" time="0.976"/>
  <testcase classname="APIs.Create_PreLaunch_Requests" name="bulkCreate" time="1.453"/>
  <testcase classname="APIs.Create_PreLaunch_Requests" name="bulkCreate" time="1.815"/>
  <testcase classname="APIs.Create_PreLaunch_Requests" name="bulkCreate" time="1.146"/>
  <testcase classname="APIs.Create_PreLaunch_Requests" name="bulkCreate" time="1.423"/>
  <testcase classname="APIs.Create_PreLaunch_Requests" name="bulkCreate" time="1.254"/>
  <testcase classname="APIs.Create_PreLaunch_Requests" name="bulkCreate" time="1.126"/>
  <testcase classname="APIs.Create_PreLaunch_Requests" name="bulkCreate" time="1.446"/>
  <testcase classname="APIs.Create_PreLaunch_Requests" name="bulkCreate" time="1.195"/>
  <testcase classname="APIs.Create_PreLaunch_Requests" name="bulkCreate" time="1.130"/>
  <testcase classname="APIs.Create_PreLaunch_Requests" name="bulkCreate" time="1.187"/>
  <testcase classname="APIs.Create_PreLaunch_Requests" name="bulkCreate" time="1.562"/>
  <testcase classname="APIs.Create_PreLaunch_Requests" name="bulkCreate" time="1.453"/>
  <testcase classname="APIs.Create_PreLaunch_Requests" name="bulkCreate" time="1.030"/>
  <testcase classname="APIs.Create_PreLaunch_Requests" name="bulkCreate" time="1.168"/>
  <testcase classname="APIs.Create_PreLaunch_Requests" name="bulkCreate" time="1.211"/>
  <testcase classname="APIs.Create_PreLaunch_Requests" name="bulkCreate" time="1.309"/>
  <testcase classname="APIs.Create_PreLaunch_Requests" name="bulkCreate" time="1.055"/>
  <testcase classname="APIs.Create_PreLaunch_Requests" name="bulkCreate" time="1.469"/>
  <testcase classname="APIs.Create_PreLaunch_Requests" name="bulkCreate" time="10.955"/>
  <testcase classname="APIs.Create_PreLaunch_Requests" name="bulkCreate" time="1.497"/>
  <testcase classname="APIs.Create_PreLaunch_Requests" name="bulkCreate" time="1.570"/>
  <testcase classname="APIs.Create_PreLaunch_Requests" name="bulkCreate" time="0.929"/>
  <testcase classname="APIs.Create_PreLaunch_Requests" name="bulkCreate" time="1.675"/>
  <testcase classname="APIs.Create_PreLaunch_Requests" name="bulkCreate" time="1.453"/>
  <testcase classname="APIs.Create_PreLaunch_Requests" name="bulkCreate" time="2.012"/>
  <testcase classname="APIs.Create_PreLaunch_Requests" name="bulkCreate" time="1.289"/>
  <testcase classname="APIs.Create_PreLaunch_Requests" name="bulkCreate" time="1.451"/>
  <testcase classname="APIs.Create_PreLaunch_Requests" name="bulkCreate" time="1.410"/>
  <testcase classname="APIs.Create_PreLaunch_Requests" name="bulkCreate" time="1.512"/>
  <testcase classname="APIs.Create_PreLaunch_Requests" name="bulkCreate" time="1.445"/>
  <testcase classname="APIs.Create_PreLaunch_Requests" name="bulkCreate" time="1.441"/>
  <testcase classname="APIs.Create_PreLaunch_Requests" name="bulkCreate" time="1.491"/>
  <testcase classname="APIs.Create_PreLaunch_Requests" name="bulkCreate" time="1.403"/>
  <testcase classname="APIs.Create_PreLaunch_Requests" name="bulkCreate" time="1.484"/>
  <testcase classname="APIs.Create_PreLaunch_Requests" name="bulkCreate" time="1.264"/>
  <testcase classname="APIs.Create_PreLaunch_Requests" name="bulkCreate" time="1.040"/>
  <testcase classname="APIs.Create_PreLaunch_Requests" name="bulkCreate" time="1.207"/>
  <testcase classname="APIs.Create_PreLaunch_Requests" name="bulkCreate" time="1.438"/>
  <testcase classname="APIs.Create_PreLaunch_Requests" name="bulkCreate" time="1.504"/>
  <testcase classname="APIs.Create_PreLaunch_Requests" name="bulkCreate" time="1.438"/>
  <testcase classname="APIs.Create_PreLaunch_Requests" name="bulkCreate" time="10.408"/>
  <testcase classname="APIs.Create_PreLaunch_Requests" name="bulkCreate" time="2.184"/>
  <testcase classname="APIs.Create_PreLaunch_Requests" name="bulkCreate" time="1.224"/>
  <testcase classname="APIs.Create_PreLaunch_Requests" name="bulkCreate" time="1.107"/>
  <testcase classname="APIs.Create_PreLaunch_Requests" name="bulkCreate" time="1.476"/>
  <testcase classname="APIs.Create_PreLaunch_Requests" name="bulkCreate" time="1.527"/>
  <testcase classname="APIs.Create_PreLaunch_Requests" name="bulkCreate" time="1.090"/>
  <testcase classname="APIs.Create_PreLaunch_Requests" name="bulkCreate" time="1.600"/>
  <testcase classname="APIs.Create_PreLaunch_Requests" name="bulkCreate" time="1.475"/>
  <testcase classname="APIs.Create_PreLaunch_Requests" name="bulkCreate" time="0.972"/>
  <testcase classname="APIs.Create_PreLaunch_Requests" name="bulkCreate" time="1.396"/>
  <testcase classname="APIs.Create_PreLaunch_Requests" name="bulkCreate" time="1.426"/>
  <testcase classname="APIs.Create_PreLaunch_Requests" name="bulkCreate" time="1.500"/>
  <testcase classname="APIs.Create_PreLaunch_Requests" name="bulkCreate" time="1.432"/>
  <testcase classname="APIs.Create_PreLaunch_Requests" name="bulkCreate" time="1.413"/>
  <testcase classname="APIs.Create_PreLaunch_Requests" name="bulkCreate" time="1.254"/>
  <testcase classname="APIs.Create_PreLaunch_Requests" name="bulkCreate" time="1.429"/>
  <testcase classname="APIs.Create_PreLaunch_Requests" name="bulkCreate" time="1.470"/>
  <testcase classname="APIs.Create_PreLaunch_Requests" name="bulkCreate" time="1.418"/>
  <testcase classname="APIs.Create_PreLaunch_Requests" name="bulkCreate" time="1.454"/>
  <testcase classname="APIs.Create_PreLaunch_Requests" name="bulkCreate" time="1.416"/>
  <testcase classname="APIs.Create_PreLaunch_Requests" name="bulkCreate" time="1.459"/>
  <testcase classname="APIs.Create_PreLaunch_Requests" name="bulkCreate" time="1.462"/>
  <testcase classname="APIs.Create_PreLaunch_Requests" name="bulkCreate" time="1.162"/>
  <testcase classname="APIs.Create_PreLaunch_Requests" name="bulkCreate" time="1.143"/>
  <testcase classname="APIs.Create_PreLaunch_Requests" name="bulkCreate" time="1.469"/>
  <testcase classname="APIs.Create_PreLaunch_Requests" name="bulkCreate" time="0.985"/>
  <testcase classname="APIs.Create_PreLaunch_Requests" name="bulkCreate" time="1.440"/>
  <testcase classname="APIs.Create_PreLaunch_Requests" name="bulkCreate" time="1.207"/>
  <testcase classname="APIs.Create_PreLaunch_Requests" name="bulkCreate" time="1.440"/>
  <testcase classname="APIs.Create_PreLaunch_Requests" name="bulkCreate" time="1.128"/>
  <testcase classname="APIs.Create_PreLaunch_Requests" name="bulkCreate" time="2.733"/>
  <testcase classname="APIs.Create_PreLaunch_Requests" name="bulkCreate" time="1.179"/>
  <testcase classname="APIs.Create_PreLaunch_Requests" name="bulkCreate" time="1.454"/>
  <testcase classname="APIs.Create_PreLaunch_Requests" name="bulkCreate" time="1.324"/>
  <testcase classname="APIs.Create_PreLaunch_Requests" name="bulkCreate" time="1.422"/>
  <testcase classname="APIs.Create_PreLaunch_Requests" name="bulkCreate" time="1.464"/>
  <testcase classname="APIs.Create_PreLaunch_Requests" name="bulkCreate" time="1.911"/>
  <testcase classname="APIs.Create_PreLaunch_Requests" name="bulkCreate" time="2.188"/>
  <testcase classname="APIs.Create_PreLaunch_Requests" name="bulkCreate" time="1.428"/>
  <testcase classname="APIs.Create_PreLaunch_Requests" name="bulkCreate" time="1.444"/>
  <testcase classname="APIs.Create_PreLaunch_Requests" name="bulkCreate" time="1.039"/>
  <testcase classname="APIs.Create_PreLaunch_Requests" name="bulkCreate" time="1.212"/>
</testsuite> <!-- APIs.Create_PreLaunch_Requests -->
