<?xml version="1.0" encoding="UTF-8"?>
<!-- Generated by org.testng.reporters.JUnitReportReporter -->
<testsuite hostname="ZRZA" failures="0" tests="1" name="utils_API.Automated_TestData_Creator" time="21.001" errors="0" timestamp="2025-03-26T06:08:08 IST" skipped="0">
  <testcase classname="utils_API.Automated_TestData_Creator" name="processDataAndGenerateOutput" time="21.001"/>
</testsuite> <!-- utils_API.Automated_TestData_Creator -->
