<?xml version="1.0" encoding="UTF-8"?>
<!-- Generated by org.testng.reporters.JUnitReportReporter -->
<testsuite hostname="DESKTOP-ITILOB1" failures="0" tests="1" name="APIs.Add_Misc_Documnets_To_ChaseRequests" time="2.424" errors="0" timestamp="2024-12-20T19:09:24 IST" skipped="0">
  <testcase classname="APIs.Add_Misc_Documnets_To_ChaseRequests" name="ChaseRequest_With_Single_Matching_RG_01" time="2.424"/>
</testsuite> <!-- APIs.Add_Misc_Documnets_To_ChaseRequests -->
