<?xml version="1.0" encoding="UTF-8"?>
<!-- Generated by org.testng.reporters.JUnitReportReporter -->
<testsuite hostname="DESKTOP-ITILOB1" failures="0" tests="1" name="utils_API.Automated_TestData_Creator" time="49.674" errors="0" timestamp="2025-03-25T22:48:30 IST" skipped="0">
  <testcase classname="utils_API.Automated_TestData_Creator" name="processDataAndGenerateOutput" time="49.674"/>
</testsuite> <!-- utils_API.Automated_TestData_Creator -->
