<?xml version="1.0" encoding="UTF-8"?>
<!-- Generated by org.testng.reporters.JUnitReportReporter -->
<testsuite hostname="DESKTOP-ITILOB1" failures="0" tests="3" name="utils_API.Automated_TestData_Creator" time="28.997" errors="0" timestamp="2025-02-11T15:58:32 IST" skipped="0">
  <testcase classname="utils_API.Automated_TestData_Creator" name="processDataAndGenerateOutput" time="6.108"/>
  <testcase classname="utils_API.Automated_TestData_Creator" name="processDataAndGenerateOutput" time="5.215"/>
  <testcase classname="utils_API.Automated_TestData_Creator" name="processDataAndGenerateOutput" time="17.674"/>
</testsuite> <!-- utils_API.Automated_TestData_Creator -->
