<?xml version="1.0" encoding="UTF-8"?>
<!-- Generated by org.testng.reporters.JUnitReportReporter -->
<testsuite hostname="DESKTOP-ITILOB1" failures="0" tests="3" name="APIs.ChaseRequests_With_Same_AccountID_IntendeUse" time="9.906" errors="0" timestamp="2024-11-25T21:25:57 IST" skipped="0">
  <testcase classname="APIs.ChaseRequests_With_Same_AccountID_IntendeUse" name="ChaseRequest_With_Single_Matching_RG_01" time="1.559"/>
  <testcase classname="APIs.ChaseRequests_With_Same_AccountID_IntendeUse" name="ChaseRequest_With_Single_Matching_RG_01" time="1.517"/>
  <testcase classname="APIs.ChaseRequests_With_Same_AccountID_IntendeUse" name="ChaseRequest_With_Single_Matching_RG_01" time="6.830"/>
</testsuite> <!-- APIs.ChaseRequests_With_Same_AccountID_IntendeUse -->
