<?xml version="1.0" encoding="UTF-8"?>
<!-- Generated by org.testng.reporters.JUnitReportReporter -->
<testsuite hostname="ZRZA" failures="0" tests="1" name="APIs.ChaseRequests_For_RG_22001" time="2.689" errors="0" timestamp="2025-01-29T07:04:49 IST" skipped="0">
  <testcase classname="APIs.ChaseRequests_For_RG_22001" name="ChaseRequest_With_Single_Matching_RG_01" time="2.689"/>
</testsuite> <!-- APIs.ChaseRequests_For_RG_22001 -->
