<?xml version="1.0" encoding="UTF-8"?>
<!-- Generated by org.testng.reporters.JUnitReportReporter -->
<testsuite hostname="DESKTOP-ITILOB1" failures="0" tests="2" name="APIs.ChaseRequests_For_RG_20002" time="5.606" errors="0" timestamp="2025-02-06T20:14:14 IST" skipped="0">
  <testcase classname="APIs.ChaseRequests_For_RG_20002" name="ChaseRequest_With_Single_Matching_RG_01" time="1.990"/>
  <testcase classname="APIs.ChaseRequests_For_RG_20002" name="ChaseRequest_With_Single_Matching_RG_01" time="3.616"/>
</testsuite> <!-- APIs.ChaseRequests_For_RG_20002 -->
