<?xml version="1.0" encoding="UTF-8"?>
<!-- Generated by org.testng.reporters.JUnitReportReporter -->
<testsuite hostname="DESKTOP-ITILOB1" failures="0" tests="1" name="utils_API.Automated_TestData_Creator" time="13.387" errors="0" timestamp="2025-02-10T19:51:42 IST" skipped="0">
  <testcase classname="utils_API.Automated_TestData_Creator" name="processDataAndGenerateOutput" time="13.387"/>
</testsuite> <!-- utils_API.Automated_TestData_Creator -->
