<?xml version="1.0" encoding="UTF-8"?>
<!-- Generated by org.testng.reporters.JUnitReportReporter -->
<testsuite hostname="DESKTOP-ITILOB1" failures="0" tests="3" name="APIs.ChaseRequests_For_RG_20013" time="6.477" errors="0" timestamp="2024-12-20T18:54:55 IST" skipped="0">
  <testcase classname="APIs.ChaseRequests_For_RG_20013" name="ChaseRequest_With_Single_Matching_RG_01" time="2.896"/>
  <testcase classname="APIs.ChaseRequests_For_RG_20013" name="ChaseRequest_With_Single_Matching_RG_01" time="1.785"/>
  <testcase classname="APIs.ChaseRequests_For_RG_20013" name="ChaseRequest_With_Single_Matching_RG_01" time="1.796"/>
</testsuite> <!-- APIs.ChaseRequests_For_RG_20013 -->
