<?xml version="1.0" encoding="UTF-8"?>
<!-- Generated by org.testng.reporters.JUnitReportReporter -->
<testsuite hostname="DESKTOP-ITILOB1" failures="0" tests="2" name="APIs.ChaseRequests_For_RG_22001" time="6.051" errors="0" timestamp="2025-02-11T15:12:19 IST" skipped="0">
  <testcase classname="APIs.ChaseRequests_For_RG_22001" name="ChaseRequest_With_Single_Matching_RG_01" time="3.765"/>
  <testcase classname="APIs.ChaseRequests_For_RG_22001" name="ChaseRequest_With_Single_Matching_RG_01" time="2.286"/>
</testsuite> <!-- APIs.ChaseRequests_For_RG_22001 -->
