<?xml version="1.0" encoding="UTF-8"?>
<!-- Generated by org.testng.reporters.JUnitReportReporter -->
<testsuite hostname="DESKTOP-ITILOB1" failures="0" tests="20" name="APIs.ChaseRequests_With_Different_AccountID_IntendedUse" time="42.670" errors="0" timestamp="2024-11-26T11:23:02 IST" skipped="0">
  <testcase classname="APIs.ChaseRequests_With_Different_AccountID_IntendedUse" name="ChaseRequest_With_Single_Matching_RG_01" time="1.890"/>
  <testcase classname="APIs.ChaseRequests_With_Different_AccountID_IntendedUse" name="ChaseRequest_With_Single_Matching_RG_01" time="1.926"/>
  <testcase classname="APIs.ChaseRequests_With_Different_AccountID_IntendedUse" name="ChaseRequest_With_Single_Matching_RG_01" time="1.939"/>
  <testcase classname="APIs.ChaseRequests_With_Different_AccountID_IntendedUse" name="ChaseRequest_With_Single_Matching_RG_01" time="6.063"/>
  <testcase classname="APIs.ChaseRequests_With_Different_AccountID_IntendedUse" name="ChaseRequest_With_Single_Matching_RG_01" time="1.920"/>
  <testcase classname="APIs.ChaseRequests_With_Different_AccountID_IntendedUse" name="ChaseRequest_With_Single_Matching_RG_01" time="1.902"/>
  <testcase classname="APIs.ChaseRequests_With_Different_AccountID_IntendedUse" name="ChaseRequest_With_Single_Matching_RG_01" time="1.972"/>
  <testcase classname="APIs.ChaseRequests_With_Different_AccountID_IntendedUse" name="ChaseRequest_With_Single_Matching_RG_01" time="1.858"/>
  <testcase classname="APIs.ChaseRequests_With_Different_AccountID_IntendedUse" name="ChaseRequest_With_Single_Matching_RG_01" time="1.904"/>
  <testcase classname="APIs.ChaseRequests_With_Different_AccountID_IntendedUse" name="ChaseRequest_With_Single_Matching_RG_01" time="2.025"/>
  <testcase classname="APIs.ChaseRequests_With_Different_AccountID_IntendedUse" name="ChaseRequest_With_Single_Matching_RG_01" time="1.905"/>
  <testcase classname="APIs.ChaseRequests_With_Different_AccountID_IntendedUse" name="ChaseRequest_With_Single_Matching_RG_01" time="1.902"/>
  <testcase classname="APIs.ChaseRequests_With_Different_AccountID_IntendedUse" name="ChaseRequest_With_Single_Matching_RG_01" time="1.872"/>
  <testcase classname="APIs.ChaseRequests_With_Different_AccountID_IntendedUse" name="ChaseRequest_With_Single_Matching_RG_01" time="2.009"/>
  <testcase classname="APIs.ChaseRequests_With_Different_AccountID_IntendedUse" name="ChaseRequest_With_Single_Matching_RG_01" time="1.979"/>
  <testcase classname="APIs.ChaseRequests_With_Different_AccountID_IntendedUse" name="ChaseRequest_With_Single_Matching_RG_01" time="1.916"/>
  <testcase classname="APIs.ChaseRequests_With_Different_AccountID_IntendedUse" name="ChaseRequest_With_Single_Matching_RG_01" time="1.976"/>
  <testcase classname="APIs.ChaseRequests_With_Different_AccountID_IntendedUse" name="ChaseRequest_With_Single_Matching_RG_01" time="1.892"/>
  <testcase classname="APIs.ChaseRequests_With_Different_AccountID_IntendedUse" name="ChaseRequest_With_Single_Matching_RG_01" time="1.878"/>
  <testcase classname="APIs.ChaseRequests_With_Different_AccountID_IntendedUse" name="ChaseRequest_With_Single_Matching_RG_01" time="1.942"/>
</testsuite> <!-- APIs.ChaseRequests_With_Different_AccountID_IntendedUse -->
