<?xml version="1.0" encoding="UTF-8"?>
<!-- Generated by org.testng.reporters.JUnitReportReporter -->
<testsuite hostname="DESKTOP-ITILOB1" failures="0" tests="1" name="utils_API.Automated_TestData_Creator_TEST" time="12.359" errors="0" timestamp="2025-02-25T15:06:47 IST" skipped="0">
  <testcase classname="utils_API.Automated_TestData_Creator_TEST" name="processDataAndGenerateOutput" time="12.359"/>
</testsuite> <!-- utils_API.Automated_TestData_Creator_TEST -->
